<?xml version="1.0" encoding="UTF-8"?>
<robot generator="Robot 6.0.2 (Python 3.11.6 on win32)" generated="20260402 17:56:05.863" rpa="false" schemaversion="3">
<suite id="s1" name="LoanStatusProject" source="C:\Users\DELL XPS\OneDrive\Desktop\Loan Status Project\LoanStatusProject.robot">
<test id="s1-t1" name="Process Loan File Zip And Upload" line="199">
<kw name="Open Browser With Download Folder">
<kw name="Create Dictionary" library="BuiltIn">
<var>${prefs}</var>
<arg>download.default_directory=${EXECDIR}</arg>
<doc>Creates and returns a dictionary based on the given ``items``.</doc>
<msg timestamp="20260402 17:56:10.993" level="INFO">${prefs} = {'download.default_directory': 'C:\\Users\\DELL XPS\\OneDrive\\Desktop\\Loan Status Project'}</msg>
<status status="PASS" starttime="20260402 17:56:10.989" endtime="20260402 17:56:10.993"/>
</kw>
<kw name="Evaluate" library="BuiltIn">
<var>${options}</var>
<arg>sys.modules['selenium.webdriver'].ChromeOptions()</arg>
<arg>sys</arg>
<doc>Evaluates the given expression in Python and returns the result.</doc>
<msg timestamp="20260402 17:56:10.993" level="INFO">${options} = &lt;selenium.webdriver.chrome.options.Options object at 0x000001871325E490&gt;</msg>
<status status="PASS" starttime="20260402 17:56:10.993" endtime="20260402 17:56:10.993"/>
</kw>
<kw name="Call Method" library="BuiltIn">
<arg>${options}</arg>
<arg>add_experimental_option</arg>
<arg>prefs</arg>
<arg>${prefs}</arg>
<doc>Calls the named method of the given object with the provided arguments.</doc>
<status status="PASS" starttime="20260402 17:56:10.993" endtime="20260402 17:56:10.993"/>
</kw>
<kw name="Create Webdriver" library="Autosphere.Browser">
<arg>${BROWSER}</arg>
<arg>options=${options}</arg>
<doc>Creates an instance of Selenium WebDriver.</doc>
<msg timestamp="20260402 17:56:10.993" level="INFO">Creating an instance of the Chrome WebDriver.</msg>
<status status="PASS" starttime="20260402 17:56:10.993" endtime="20260402 17:56:13.131"/>
</kw>
<kw name="Go To" library="Autosphere.Browser">
<arg>${URL}</arg>
<doc>Navigates the current browser window to the provided ``url``.</doc>
<msg timestamp="20260402 17:56:13.131" level="INFO">Opening url 'https://botsdna.com/LoanStatus/'</msg>
<status status="PASS" starttime="20260402 17:56:13.131" endtime="20260402 17:56:14.803"/>
</kw>
<kw name="Maximize Browser Window" library="Autosphere.Browser">
<doc>Maximizes current browser window.</doc>
<status status="PASS" starttime="20260402 17:56:14.803" endtime="20260402 17:56:14.853"/>
</kw>
<status status="PASS" starttime="20260402 17:56:10.989" endtime="20260402 17:56:14.853"/>
</kw>
<kw name="Download Excel File">
<kw name="Set Variable" library="BuiltIn">
<var>${download_button}</var>
<arg>xpath=//a[span[@id="yesterdayDate"]]</arg>
<doc>Returns the given values which can then be assigned to a variables.</doc>
<msg timestamp="20260402 17:56:14.858" level="INFO">${download_button} = xpath=//a[span[@id="yesterdayDate"]]</msg>
<status status="PASS" starttime="20260402 17:56:14.858" endtime="20260402 17:56:14.858"/>
</kw>
<kw name="Wait Until Element Is Visible" library="Autosphere.Browser">
<arg>${download_button}</arg>
<arg>15s</arg>
<doc>Waits until the element ``locator`` is visible.</doc>
<status status="PASS" starttime="20260402 17:56:14.858" endtime="20260402 17:56:14.922"/>
</kw>
<kw name="Click Element" library="Autosphere.Browser">
<arg>${download_button}</arg>
<doc>Click the element identified by ``locator``.</doc>
<msg timestamp="20260402 17:56:14.925" level="INFO">Clicking element 'xpath=//a[span[@id="yesterdayDate"]]'.</msg>
<status status="PASS" starttime="20260402 17:56:14.922" endtime="20260402 17:56:15.319"/>
</kw>
<kw name="Sleep" library="BuiltIn">
<arg>5s</arg>
<doc>Pauses the test executed for the given time.</doc>
<msg timestamp="20260402 17:56:20.321" level="INFO">Slept 5 seconds</msg>
<status status="PASS" starttime="20260402 17:56:15.319" endtime="20260402 17:56:20.321"/>
</kw>
<status status="PASS" starttime="20260402 17:56:14.853" endtime="20260402 17:56:20.321"/>
</kw>
<kw name="Process Loan File And Upload Report">
<kw name="Process All Loan Rows And Save Output">
<kw name="Read And Log Excel Data">
<var>${rows}</var>
<kw name="Read Loan Data" library="LoanStatusProject">
<var>@{rows}</var>
<arg>${EXECDIR}/${INPUT_FILE}</arg>
<doc>Read loan data from Excel and return rows for Robot Framework.</doc>
<msg timestamp="20260402 17:56:20.372" level="INFO">@{rows} = [ {'Name': 'Basha', 'Phone Number': 8765757984, 'Company': 'HP', 'TP Code': 2783787332, 'Approve/Reject': '', 'Reason': ''} | {'Name': 'Prasanna', 'Phone Number': 9898865434, 'Company': 'DXC', 'TP Cod...</msg>
<status status="PASS" starttime="20260402 17:56:20.321" endtime="20260402 17:56:20.372"/>
</kw>
<kw name="Get Length" library="BuiltIn">
<var>${row_count}</var>
<arg>${rows}</arg>
<doc>Returns and logs the length of the given item as an integer.</doc>
<msg timestamp="20260402 17:56:20.372" level="INFO">Length is 47</msg>
<msg timestamp="20260402 17:56:20.374" level="INFO">${row_count} = 47</msg>
<status status="PASS" starttime="20260402 17:56:20.372" endtime="20260402 17:56:20.374"/>
</kw>
<kw name="Log To Console" library="BuiltIn">
<arg>Total rows read: ${row_count}</arg>
<doc>Logs the given message to the console.</doc>
<status status="PASS" starttime="20260402 17:56:20.374" endtime="20260402 17:56:20.374"/>
</kw>
<for flavor="IN">
<var>${row}</var>
<value>@{rows}</value>
<iter>
<var name="${row}">{'Name': 'Basha', 'Phone Number': 8765757984, 'Company': 'HP', 'TP Code': 2783787332, 'Approve/Reject': '', 'Reason': ''}</var>
<kw name="Log To Console" library="BuiltIn">
<arg>${row}</arg>
<doc>Logs the given message to the console.</doc>
<status status="PASS" starttime="20260402 17:56:20.374" endtime="20260402 17:56:20.374"/>
</kw>
<status status="PASS" starttime="20260402 17:56:20.374" endtime="20260402 17:56:20.374"/>
</iter>
<iter>
<var name="${row}">{'Name': 'Prasanna', 'Phone Number': 9898865434, 'Company': 'DXC', 'TP Code': 2783787332, 'Approve/Reject': '', 'Reason': ''}</var>
<kw name="Log To Console" library="BuiltIn">
<arg>${row}</arg>
<doc>Logs the given message to the console.</doc>
<status status="PASS" starttime="20260402 17:56:20.374" endtime="20260402 17:56:20.374"/>
</kw>
<status status="PASS" starttime="20260402 17:56:20.374" endtime="20260402 17:56:20.374"/>
</iter>
<iter>
<var name="${row}">{'Name': 'Phanindra', 'Phone Number': 9700432765, 'Company': 'Infosys', 'TP Code': 4546754610, 'Approve/Reject': '', 'Reason': ''}</var>
<kw name="Log To Console" library="BuiltIn">
<arg>${row}</arg>
<doc>Logs the given message to the console.</doc>
<status status="PASS" starttime="20260402 17:56:20.374" endtime="20260402 17:56:20.374"/>
</kw>
<status status="PASS" starttime="20260402 17:56:20.374" endtime="20260402 17:56:20.374"/>
</iter>
<iter>
<var name="${row}">{'Name': 'Suresh', 'Phone Number': 9876534776, 'Company': 'Google', 'TP Code': 4546754610, 'Approve/Reject': '', 'Reason': ''}</var>
<kw name="Log To Console" library="BuiltIn">
<arg>${row}</arg>
<doc>Logs the given message to the console.</doc>
<status status="PASS" starttime="20260402 17:56:20.377" endtime="20260402 17:56:20.377"/>
</kw>
<status status="PASS" starttime="20260402 17:56:20.377" endtime="20260402 17:56:20.377"/>
</iter>
<iter>
<var name="${row}">{'Name': 'Vamsi', 'Phone Number': 9966543678, 'Company': 'TCS', 'TP Code': 4546754610, 'Approve/Reject': '', 'Reason': ''}</var>
<kw name="Log To Console" library="BuiltIn">
<arg>${row}</arg>
<doc>Logs the given message to the console.</doc>
<status status="PASS" starttime="20260402 17:56:20.377" endtime="20260402 17:56:20.377"/>
</kw>
<status status="PASS" starttime="20260402 17:56:20.377" endtime="20260402 17:56:20.377"/>
</iter>
<iter>
<var name="${row}">{'Name': 'Krishna', 'Phone Number': 9543246765, 'Company': 'HP', 'TP Code': 4546754610, 'Approve/Reject': '', 'Reason': ''}</var>
<kw name="Log To Console" library="BuiltIn">
<arg>${row}</arg>
<doc>Logs the given message to the console.</doc>
<status status="PASS" starttime="20260402 17:56:20.377" endtime="20260402 17:56:20.377"/>
</kw>
<status status="PASS" starttime="20260402 17:56:20.377" endtime="20260402 17:56:20.377"/>
</iter>
<iter>
<var name="${row}">{'Name': 'Chiranjeevi', 'Phone Number': 9876543567, 'Company': 'DXC', 'TP Code': 4546754610, 'Approve/Reject': '', 'Reason': ''}</var>
<kw name="Log To Console" library="BuiltIn">
<arg>${row}</arg>
<doc>Logs the given message to the console.</doc>
<status status="PASS" starttime="20260402 17:56:20.377" endtime="20260402 17:56:20.377"/>
</kw>
<status status="PASS" starttime="20260402 17:56:20.377" endtime="20260402 17:56:20.377"/>
</iter>
<iter>
<var name="${row}">{'Name': 'Bhagyaraju', 'Phone Number': 9001135767, 'Company': 'Infosys', 'TP Code': 4546754610, 'Approve/Reject': '', 'Reason': ''}</var>
<kw name="Log To Console" library="BuiltIn">
<arg>${row}</arg>
<doc>Logs the given message to the console.</doc>
<status status="PASS" starttime="20260402 17:56:20.377" endtime="20260402 17:56:20.377"/>
</kw>
<status status="PASS" starttime="20260402 17:56:20.377" endtime="20260402 17:56:20.377"/>
</iter>
<iter>
<var name="${row}">{'Name': 'Sukanya', 'Phone Number': 9876785644, 'Company': 'TCS', 'TP Code': 4546754610, 'Approve/Reject': '', 'Reason': ''}</var>
<kw name="Log To Console" library="BuiltIn">
<arg>${row}</arg>
<doc>Logs the given message to the console.</doc>
<status status="PASS" starttime="20260402 17:56:20.377" endtime="20260402 17:56:20.382"/>
</kw>
<status status="PASS" starttime="20260402 17:56:20.377" endtime="20260402 17:56:20.382"/>
</iter>
<iter>
<var name="${row}">{'Name': 'Satish', 'Phone Number': 9998883456, 'Company': 'Google', 'TP Code': 4546754610, 'Approve/Reject': '', 'Reason': ''}</var>
<kw name="Log To Console" library="BuiltIn">
<arg>${row}</arg>
<doc>Logs the given message to the console.</doc>
<status status="PASS" starttime="20260402 17:56:20.382" endtime="20260402 17:56:20.382"/>
</kw>
<status status="PASS" starttime="20260402 17:56:20.382" endtime="20260402 17:56:20.382"/>
</iter>
<iter>
<var name="${row}">{'Name': 'Srinivasulu', 'Phone Number': 8976456787, 'Company': 'TCS', 'TP Code': 4546754610, 'Approve/Reject': '', 'Reason': ''}</var>
<kw name="Log To Console" library="BuiltIn">
<arg>${row}</arg>
<doc>Logs the given message to the console.</doc>
<status status="PASS" starttime="20260402 17:56:20.382" endtime="20260402 17:56:20.382"/>
</kw>
<status status="PASS" starttime="20260402 17:56:20.382" endtime="20260402 17:56:20.382"/>
</iter>
<iter>
<var name="${row}">{'Name': 'Thirumala', 'Phone Number': 9573645432, 'Company': 'HP', 'TP Code': 4546754610, 'Approve/Reject': '', 'Reason': ''}</var>
<kw name="Log To Console" library="BuiltIn">
<arg>${row}</arg>
<doc>Logs the given message to the console.</doc>
<status status="PASS" starttime="20260402 17:56:20.382" endtime="20260402 17:56:20.382"/>
</kw>
<status status="PASS" starttime="20260402 17:56:20.382" endtime="20260402 17:56:20.382"/>
</iter>
<iter>
<var name="${row}">{'Name': 'Kiran', 'Phone Number': 7867654367, 'Company': 'DXC', 'TP Code': 4546754610, 'Approve/Reject': '', 'Reason': ''}</var>
<kw name="Log To Console" library="BuiltIn">
<arg>${row}</arg>
<doc>Logs the given message to the console.</doc>
<status status="PASS" starttime="20260402 17:56:20.382" endtime="20260402 17:56:20.382"/>
</kw>
<status status="PASS" starttime="20260402 17:56:20.382" endtime="20260402 17:56:20.382"/>
</iter>
<iter>
<var name="${row}">{'Name': 'Ravi', 'Phone Number': 7654678765, 'Company': 'Infosys', 'TP Code': 6545644552, 'Approve/Reject': '', 'Reason': ''}</var>
<kw name="Log To Console" library="BuiltIn">
<arg>${row}</arg>
<doc>Logs the given message to the console.</doc>
<status status="PASS" starttime="20260402 17:56:20.382" endtime="20260402 17:56:20.382"/>
</kw>
<status status="PASS" starttime="20260402 17:56:20.382" endtime="20260402 17:56:20.382"/>
</iter>
<iter>
<var name="${row}">{'Name': 'Goutham', 'Phone Number': 8766543258, 'Company': 'Google', 'TP Code': 6545644552, 'Approve/Reject': '', 'Reason': ''}</var>
<kw name="Log To Console" library="BuiltIn">
<arg>${row}</arg>
<doc>Logs the given message to the console.</doc>
<status status="PASS" starttime="20260402 17:56:20.385" endtime="20260402 17:56:20.385"/>
</kw>
<status status="PASS" starttime="20260402 17:56:20.382" endtime="20260402 17:56:20.385"/>
</iter>
<iter>
<var name="${row}">{'Name': 'Siva', 'Phone Number': 9988787654, 'Company': 'TCS', 'TP Code': 7263789272, 'Approve/Reject': '', 'Reason': ''}</var>
<kw name="Log To Console" library="BuiltIn">
<arg>${row}</arg>
<doc>Logs the given message to the console.</doc>
<status status="PASS" starttime="20260402 17:56:20.385" endtime="20260402 17:56:20.385"/>
</kw>
<status status="PASS" starttime="20260402 17:56:20.385" endtime="20260402 17:56:20.385"/>
</iter>
<iter>
<var name="${row}">{'Name': 'Satyanarayana', 'Phone Number': 7654654467, 'Company': 'HP', 'TP Code': 7263789272, 'Approve/Reject': '', 'Reason': ''}</var>
<kw name="Log To Console" library="BuiltIn">
<arg>${row}</arg>
<doc>Logs the given message to the console.</doc>
<status status="PASS" starttime="20260402 17:56:20.385" endtime="20260402 17:56:20.387"/>
</kw>
<status status="PASS" starttime="20260402 17:56:20.385" endtime="20260402 17:56:20.387"/>
</iter>
<iter>
<var name="${row}">{'Name': 'Umashankara', 'Phone Number': 9988995567, 'Company': 'DXC', 'TP Code': 6554433564, 'Approve/Reject': '', 'Reason': ''}</var>
<kw name="Log To Console" library="BuiltIn">
<arg>${row}</arg>
<doc>Logs the given message to the console.</doc>
<status status="PASS" starttime="20260402 17:56:20.389" endtime="20260402 17:56:20.391"/>
</kw>
<status status="PASS" starttime="20260402 17:56:20.389" endtime="20260402 17:56:20.391"/>
</iter>
<iter>
<var name="${row}">{'Name': 'Ramesh', 'Phone Number': 9098765346, 'Company': 'Infosys', 'TP Code': 6554433564, 'Approve/Reject': '', 'Reason': ''}</var>
<kw name="Log To Console" library="BuiltIn">
<arg>${row}</arg>
<doc>Logs the given message to the console.</doc>
<status status="PASS" starttime="20260402 17:56:20.391" endtime="20260402 17:56:20.391"/>
</kw>
<status status="PASS" starttime="20260402 17:56:20.391" endtime="20260402 17:56:20.391"/>
</iter>
<iter>
<var name="${row}">{'Name': 'Venkat', 'Phone Number': 6654323565, 'Company': 'Google', 'TP Code': 6554433564, 'Approve/Reject': '', 'Reason': ''}</var>
<kw name="Log To Console" library="BuiltIn">
<arg>${row}</arg>
<doc>Logs the given message to the console.</doc>
<status status="PASS" starttime="20260402 17:56:20.391" endtime="20260402 17:56:20.391"/>
</kw>
<status status="PASS" starttime="20260402 17:56:20.391" endtime="20260402 17:56:20.391"/>
</iter>
<iter>
<var name="${row}">{'Name': 'Hari', 'Phone Number': 9877654674, 'Company': 'TCS', 'TP Code': 6554433564, 'Approve/Reject': '', 'Reason': ''}</var>
<kw name="Log To Console" library="BuiltIn">
<arg>${row}</arg>
<doc>Logs the given message to the console.</doc>
<status status="PASS" starttime="20260402 17:56:20.391" endtime="20260402 17:56:20.392"/>
</kw>
<status status="PASS" starttime="20260402 17:56:20.391" endtime="20260402 17:56:20.392"/>
</iter>
<iter>
<var name="${row}">{'Name': 'Prem', 'Phone Number': 9899778877, 'Company': 'HP', 'TP Code': 6557666666, 'Approve/Reject': '', 'Reason': ''}</var>
<kw name="Log To Console" library="BuiltIn">
<arg>${row}</arg>
<doc>Logs the given message to the console.</doc>
<status status="PASS" starttime="20260402 17:56:20.393" endtime="20260402 17:56:20.394"/>
</kw>
<status status="PASS" starttime="20260402 17:56:20.393" endtime="20260402 17:56:20.394"/>
</iter>
<iter>
<var name="${row}">{'Name': 'Narendra', 'Phone Number': 7876546879, 'Company': 'DXC', 'TP Code': 6557666666, 'Approve/Reject': '', 'Reason': ''}</var>
<kw name="Log To Console" library="BuiltIn">
<arg>${row}</arg>
<doc>Logs the given message to the console.</doc>
<status status="PASS" starttime="20260402 17:56:20.394" endtime="20260402 17:56:20.394"/>
</kw>
<status status="PASS" starttime="20260402 17:56:20.394" endtime="20260402 17:56:20.394"/>
</iter>
<iter>
<var name="${row}">{'Name': 'Salman', 'Phone Number': 9098768098, 'Company': 'Infosys', 'TP Code': 6557666666, 'Approve/Reject': '', 'Reason': ''}</var>
<kw name="Log To Console" library="BuiltIn">
<arg>${row}</arg>
<doc>Logs the given message to the console.</doc>
<status status="PASS" starttime="20260402 17:56:20.394" endtime="20260402 17:56:20.395"/>
</kw>
<status status="PASS" starttime="20260402 17:56:20.394" endtime="20260402 17:56:20.395"/>
</iter>
<iter>
<var name="${row}">{'Name': 'Balaji', 'Phone Number': 7877670987, 'Company': 'Google', 'TP Code': 6557666666, 'Approve/Reject': '', 'Reason': ''}</var>
<kw name="Log To Console" library="BuiltIn">
<arg>${row}</arg>
<doc>Logs the given message to the console.</doc>
<status status="PASS" starttime="20260402 17:56:20.395" endtime="20260402 17:56:20.395"/>
</kw>
<status status="PASS" starttime="20260402 17:56:20.395" endtime="20260402 17:56:20.397"/>
</iter>
<iter>
<var name="${row}">{'Name': 'Kotireddy', 'Phone Number': 9988998800, 'Company': 'TCS', 'TP Code': 6557666666, 'Approve/Reject': '', 'Reason': ''}</var>
<kw name="Log To Console" library="BuiltIn">
<arg>${row}</arg>
<doc>Logs the given message to the console.</doc>
<status status="PASS" starttime="20260402 17:56:20.397" endtime="20260402 17:56:20.397"/>
</kw>
<status status="PASS" starttime="20260402 17:56:20.397" endtime="20260402 17:56:20.397"/>
</iter>
<iter>
<var name="${row}">{'Name': 'Abinash', 'Phone Number': 6554466567, 'Company': 'HP', 'TP Code': 6557666666, 'Approve/Reject': '', 'Reason': ''}</var>
<kw name="Log To Console" library="BuiltIn">
<arg>${row}</arg>
<doc>Logs the given message to the console.</doc>
<status status="PASS" starttime="20260402 17:56:20.397" endtime="20260402 17:56:20.397"/>
</kw>
<status status="PASS" starttime="20260402 17:56:20.397" endtime="20260402 17:56:20.397"/>
</iter>
<iter>
<var name="${row}">{'Name': 'Riyaz', 'Phone Number': 9700011123, 'Company': 'DXC', 'TP Code': 6755765774, 'Approve/Reject': '', 'Reason': ''}</var>
<kw name="Log To Console" library="BuiltIn">
<arg>${row}</arg>
<doc>Logs the given message to the console.</doc>
<status status="PASS" starttime="20260402 17:56:20.400" endtime="20260402 17:56:20.400"/>
</kw>
<status status="PASS" starttime="20260402 17:56:20.397" endtime="20260402 17:56:20.401"/>
</iter>
<iter>
<var name="${row}">{'Name': 'Banu', 'Phone Number': 9876556786, 'Company': 'Infosys', 'TP Code': 6755765774, 'Approve/Reject': '', 'Reason': ''}</var>
<kw name="Log To Console" library="BuiltIn">
<arg>${row}</arg>
<doc>Logs the given message to the console.</doc>
<status status="PASS" starttime="20260402 17:56:20.401" endtime="20260402 17:56:20.402"/>
</kw>
<status status="PASS" starttime="20260402 17:56:20.401" endtime="20260402 17:56:20.402"/>
</iter>
<iter>
<var name="${row}">{'Name': 'Yesu', 'Phone Number': 9009099125, 'Company': 'Google', 'TP Code': 6755765774, 'Approve/Reject': '', 'Reason': ''}</var>
<kw name="Log To Console" library="BuiltIn">
<arg>${row}</arg>
<doc>Logs the given message to the console.</doc>
<status status="PASS" starttime="20260402 17:56:20.402" endtime="20260402 17:56:20.402"/>
</kw>
<status status="PASS" starttime="20260402 17:56:20.402" endtime="20260402 17:56:20.402"/>
</iter>
<iter>
<var name="${row}">{'Name': 'Ramu', 'Phone Number': 8776687675, 'Company': 'TCS', 'TP Code': 6755765774, 'Approve/Reject': '', 'Reason': ''}</var>
<kw name="Log To Console" library="BuiltIn">
<arg>${row}</arg>
<doc>Logs the given message to the console.</doc>
<status status="PASS" starttime="20260402 17:56:20.404" endtime="20260402 17:56:20.404"/>
</kw>
<status status="PASS" starttime="20260402 17:56:20.403" endtime="20260402 17:56:20.404"/>
</iter>
<iter>
<var name="${row}">{'Name': 'Sai', 'Phone Number': 8986543456, 'Company': 'HP', 'TP Code': 8757575476, 'Approve/Reject': '', 'Reason': ''}</var>
<kw name="Log To Console" library="BuiltIn">
<arg>${row}</arg>
<doc>Logs the given message to the console.</doc>
<status status="PASS" starttime="20260402 17:56:20.404" endtime="20260402 17:56:20.406"/>
</kw>
<status status="PASS" starttime="20260402 17:56:20.404" endtime="20260402 17:56:20.406"/>
</iter>
<iter>
<var name="${row}">{'Name': 'Sravan', 'Phone Number': 7766543659, 'Company': 'DXC', 'TP Code': 8757575476, 'Approve/Reject': '', 'Reason': ''}</var>
<kw name="Log To Console" library="BuiltIn">
<arg>${row}</arg>
<doc>Logs the given message to the console.</doc>
<status status="PASS" starttime="20260402 17:56:20.406" endtime="20260402 17:56:20.406"/>
</kw>
<status status="PASS" starttime="20260402 17:56:20.406" endtime="20260402 17:56:20.407"/>
</iter>
<iter>
<var name="${row}">{'Name': 'Jagadeesh', 'Phone Number': 9573649242, 'Company': 'Infosys', 'TP Code': 8757575476, 'Approve/Reject': '', 'Reason': ''}</var>
<kw name="Log To Console" library="BuiltIn">
<arg>${row}</arg>
<doc>Logs the given message to the console.</doc>
<status status="PASS" starttime="20260402 17:56:20.407" endtime="20260402 17:56:20.408"/>
</kw>
<status status="PASS" starttime="20260402 17:56:20.407" endtime="20260402 17:56:20.408"/>
</iter>
<iter>
<var name="${row}">{'Name': 'Vijay', 'Phone Number': 8776587678, 'Company': 'Google', 'TP Code': 8757575476, 'Approve/Reject': '', 'Reason': ''}</var>
<kw name="Log To Console" library="BuiltIn">
<arg>${row}</arg>
<doc>Logs the given message to the console.</doc>
<status status="PASS" starttime="20260402 17:56:20.408" endtime="20260402 17:56:20.408"/>
</kw>
<status status="PASS" starttime="20260402 17:56:20.408" endtime="20260402 17:56:20.408"/>
</iter>
<iter>
<var name="${row}">{'Name': 'Raj', 'Phone Number': 9876546898, 'Company': 'TCS', 'TP Code': 8757575476, 'Approve/Reject': '', 'Reason': ''}</var>
<kw name="Log To Console" library="BuiltIn">
<arg>${row}</arg>
<doc>Logs the given message to the console.</doc>
<status status="PASS" starttime="20260402 17:56:20.408" endtime="20260402 17:56:20.408"/>
</kw>
<status status="PASS" starttime="20260402 17:56:20.408" endtime="20260402 17:56:20.408"/>
</iter>
<iter>
<var name="${row}">{'Name': 'Kumar', 'Phone Number': 8899789656, 'Company': 'HP', 'TP Code': 8757575476, 'Approve/Reject': '', 'Reason': ''}</var>
<kw name="Log To Console" library="BuiltIn">
<arg>${row}</arg>
<doc>Logs the given message to the console.</doc>
<status status="PASS" starttime="20260402 17:56:20.408" endtime="20260402 17:56:20.408"/>
</kw>
<status status="PASS" starttime="20260402 17:56:20.408" endtime="20260402 17:56:20.408"/>
</iter>
<iter>
<var name="${row}">{'Name': 'Prasad', 'Phone Number': 8876767876, 'Company': 'DXC', 'TP Code': 8765445366, 'Approve/Reject': '', 'Reason': ''}</var>
<kw name="Log To Console" library="BuiltIn">
<arg>${row}</arg>
<doc>Logs the given message to the console.</doc>
<status status="PASS" starttime="20260402 17:56:20.408" endtime="20260402 17:56:20.408"/>
</kw>
<status status="PASS" starttime="20260402 17:56:20.408" endtime="20260402 17:56:20.408"/>
</iter>
<iter>
<var name="${row}">{'Name': 'Ganesh', 'Phone Number': 7865123657, 'Company': 'Infosys', 'TP Code': 8765445366, 'Approve/Reject': '', 'Reason': ''}</var>
<kw name="Log To Console" library="BuiltIn">
<arg>${row}</arg>
<doc>Logs the given message to the console.</doc>
<status status="PASS" starttime="20260402 17:56:20.408" endtime="20260402 17:56:20.408"/>
</kw>
<status status="PASS" starttime="20260402 17:56:20.408" endtime="20260402 17:56:20.408"/>
</iter>
<iter>
<var name="${row}">{'Name': 'Ravi Babu', 'Phone Number': 9000112357, 'Company': 'Google', 'TP Code': 8765445366, 'Approve/Reject': '', 'Reason': ''}</var>
<kw name="Log To Console" library="BuiltIn">
<arg>${row}</arg>
<doc>Logs the given message to the console.</doc>
<status status="PASS" starttime="20260402 17:56:20.408" endtime="20260402 17:56:20.408"/>
</kw>
<status status="PASS" starttime="20260402 17:56:20.408" endtime="20260402 17:56:20.408"/>
</iter>
<iter>
<var name="${row}">{'Name': 'Riyaz', 'Phone Number': 7876543265, 'Company': 'TCS', 'TP Code': 8765445366, 'Approve/Reject': '', 'Reason': ''}</var>
<kw name="Log To Console" library="BuiltIn">
<arg>${row}</arg>
<doc>Logs the given message to the console.</doc>
<status status="PASS" starttime="20260402 17:56:20.413" endtime="20260402 17:56:20.413"/>
</kw>
<status status="PASS" starttime="20260402 17:56:20.408" endtime="20260402 17:56:20.413"/>
</iter>
<iter>
<var name="${row}">{'Name': 'Balaji', 'Phone Number': 9098767987, 'Company': 'HP', 'TP Code': 8765445366, 'Approve/Reject': '', 'Reason': ''}</var>
<kw name="Log To Console" library="BuiltIn">
<arg>${row}</arg>
<doc>Logs the given message to the console.</doc>
<status status="PASS" starttime="20260402 17:56:20.413" endtime="20260402 17:56:20.413"/>
</kw>
<status status="PASS" starttime="20260402 17:56:20.413" endtime="20260402 17:56:20.413"/>
</iter>
<iter>
<var name="${row}">{'Name': 'Ramesh', 'Phone Number': 7665434456, 'Company': 'DXC', 'TP Code': 8765445366, 'Approve/Reject': '', 'Reason': ''}</var>
<kw name="Log To Console" library="BuiltIn">
<arg>${row}</arg>
<doc>Logs the given message to the console.</doc>
<status status="PASS" starttime="20260402 17:56:20.413" endtime="20260402 17:56:20.415"/>
</kw>
<status status="PASS" starttime="20260402 17:56:20.413" endtime="20260402 17:56:20.415"/>
</iter>
<iter>
<var name="${row}">{'Name': 'Koteswararao', 'Phone Number': 9876543565, 'Company': 'Infosys', 'TP Code': 9876766764, 'Approve/Reject': '', 'Reason': ''}</var>
<kw name="Log To Console" library="BuiltIn">
<arg>${row}</arg>
<doc>Logs the given message to the console.</doc>
<status status="PASS" starttime="20260402 17:56:20.415" endtime="20260402 17:56:20.415"/>
</kw>
<status status="PASS" starttime="20260402 17:56:20.415" endtime="20260402 17:56:20.416"/>
</iter>
<iter>
<var name="${row}">{'Name': 'Ajay', 'Phone Number': 8765467657, 'Company': 'Google', 'TP Code': 9876766764, 'Approve/Reject': '', 'Reason': ''}</var>
<kw name="Log To Console" library="BuiltIn">
<arg>${row}</arg>
<doc>Logs the given message to the console.</doc>
<status status="PASS" starttime="20260402 17:56:20.416" endtime="20260402 17:56:20.417"/>
</kw>
<status status="PASS" starttime="20260402 17:56:20.416" endtime="20260402 17:56:20.417"/>
</iter>
<iter>
<var name="${row}">{'Name': 'Anili', 'Phone Number': 9654443339, 'Company': 'TCS', 'TP Code': 9876766764, 'Approve/Reject': '', 'Reason': ''}</var>
<kw name="Log To Console" library="BuiltIn">
<arg>${row}</arg>
<doc>Logs the given message to the console.</doc>
<status status="PASS" starttime="20260402 17:56:20.417" endtime="20260402 17:56:20.417"/>
</kw>
<status status="PASS" starttime="20260402 17:56:20.417" endtime="20260402 17:56:20.417"/>
</iter>
<iter>
<var name="${row}">{'Name': 'Mahesh', 'Phone Number': 8765765678, 'Company': 'HP', 'TP Code': 9876766764, 'Approve/Reject': '', 'Reason': ''}</var>
<kw name="Log To Console" library="BuiltIn">
<arg>${row}</arg>
<doc>Logs the given message to the console.</doc>
<status status="PASS" starttime="20260402 17:56:20.417" endtime="20260402 17:56:20.418"/>
</kw>
<status status="PASS" starttime="20260402 17:56:20.417" endtime="20260402 17:56:20.418"/>
</iter>
<status status="PASS" starttime="20260402 17:56:20.374" endtime="20260402 17:56:20.418"/>
</for>
<return>
<value>${rows}</value>
<status status="PASS" starttime="20260402 17:56:20.418" endtime="20260402 17:56:20.418"/>
</return>
<msg timestamp="20260402 17:56:20.418" level="INFO">${rows} = [{'Name': 'Basha', 'Phone Number': 8765757984, 'Company': 'HP', 'TP Code': 2783787332, 'Approve/Reject': '', 'Reason': ''}, {'Name': 'Prasanna', 'Phone Number': 9898865434, 'Company': 'DXC', 'TP Code'...</msg>
<status status="PASS" starttime="20260402 17:56:20.321" endtime="20260402 17:56:20.419"/>
</kw>
<for flavor="IN ENUMERATE">
<var>${index}</var>
<var>${row}</var>
<value>@{rows}</value>
<iter>
<var name="${index}">0</var>
<var name="${row}">{'Name': 'Basha', 'Phone Number': 8765757984, 'Company': 'HP', 'TP Code': 2783787332, 'Approve/Reject': '', 'Reason': ''}</var>
<kw name="Process Loan Row">
<var>${updated_row}</var>
<arg>${row}</arg>
<kw name="Get From Dictionary" library="Collections">
<var>${name}</var>
<arg>${row}</arg>
<arg>Name</arg>
<doc>Returns a value from the given ``dictionary`` based on the given ``key``.</doc>
<msg timestamp="20260402 17:56:20.419" level="INFO">${name} = Basha</msg>
<status status="PASS" starttime="20260402 17:56:20.419" endtime="20260402 17:56:20.419"/>
</kw>
<kw name="Get From Dictionary" library="Collections">
<var>${phone}</var>
<arg>${row}</arg>
<arg>Phone Number</arg>
<doc>Returns a value from the given ``dictionary`` based on the given ``key``.</doc>
<msg timestamp="20260402 17:56:20.419" level="INFO">${phone} = 8765757984</msg>
<status status="PASS" starttime="20260402 17:56:20.419" endtime="20260402 17:56:20.419"/>
</kw>
<kw name="Get From Dictionary" library="Collections">
<var>${tp_code}</var>
<arg>${row}</arg>
<arg>TP Code</arg>
<doc>Returns a value from the given ``dictionary`` based on the given ``key``.</doc>
<msg timestamp="20260402 17:56:20.419" level="INFO">${tp_code} = 2783787332</msg>
<status status="PASS" starttime="20260402 17:56:20.419" endtime="20260402 17:56:20.419"/>
</kw>
<kw name="Log To Console" library="BuiltIn">
<arg>Processing row: ${name} | ${phone} | ${tp_code}</arg>
<doc>Logs the given message to the console.</doc>
<status status="PASS" starttime="20260402 17:56:20.419" endtime="20260402 17:56:20.421"/>
</kw>
<kw name="Find Bank For TP Code">
<var>${bank_name}</var>
<arg>${tp_code}</arg>
<kw name="Go To" library="Autosphere.Browser">
<arg>${URL}</arg>
<doc>Navigates the current browser window to the provided ``url``.</doc>
<msg timestamp="20260402 17:56:20.421" level="INFO">Opening url 'https://botsdna.com/LoanStatus/'</msg>
<msg timestamp="20260402 17:56:20.503" level="WARN">Keyword 'Capture Page Screenshot' could not be run on failure: Message: invalid session id
Stacktrace:
	chromedriver!GetHandleVerifier [0x7ff6379829c5+2ed785]
	chromedriver!GetHandleVerifier [0x7ff6376aa0d0+14e90]
	chromedriver!(No symbol) [0x7ff63740d916]
	chromedriver!(No symbol) [0x7ff637458313]
	chromedriver!(No symbol) [0x7ff63748fe92]
	chromedriver!(No symbol) [0x7ff63748a011]
	chromedriver!(No symbol) [0x7ff6374892c3]
	chromedriver!(No symbol) [0x7ff6373d6565]
	chromedriver!GetHandleVerifier [0x7ff6379ade0d+318bcd]
	chromedriver!GetHandleVerifier [0x7ff6379a8588+313348]
	chromedriver!GetHandleVerifier [0x7ff6379c9d7a+334b3a]
	chromedriver!GetHandleVerifier [0x7ff6376c6785+31545]
	chromedriver!GetHandleVerifier [0x7ff6376cfacc+3a88c]
	chromedriver!(No symbol) [0x7ff6373d532a]
	chromedriver!GetHandleVerifier [0x7ff637b04b48+46f908]
	KERNEL32!BaseThreadInitThunk [0x7ffed015e8d7+17]
	ntdll!RtlUserThreadStart [0x7ffed10ec40c+2c]
</msg>
<msg timestamp="20260402 17:56:20.507" level="FAIL">InvalidSessionIdException: Message: invalid session id: session deleted as the browser has closed the connection
from disconnected: not connected to DevTools
  (Session info: chrome=146.0.7680.165)
Stacktrace:
	chromedriver!GetHandleVerifier [0x7ff6379829c5+2ed785]
	chromedriver!GetHandleVerifier [0x7ff6376aa0d0+14e90]
	chromedriver!(No symbol) [0x7ff63740db2d]
	chromedriver!(No symbol) [0x7ff6373f8ca2]
	chromedriver!(No symbol) [0x7ff63741f416]
	chromedriver!(No symbol) [0x7ff6374970e0]
	chromedriver!(No symbol) [0x7ff6374b3482]
	chromedriver!(No symbol) [0x7ff637459298]
	chromedriver!(No symbol) [0x7ff63745a183]
	chromedriver!GetHandleVerifier [0x7ff6379ade0d+318bcd]
	chromedriver!GetHandleVerifier [0x7ff6379a8588+313348]
	chromedriver!GetHandleVerifier [0x7ff6379c9d7a+334b3a]
	chromedriver!GetHandleVerifier [0x7ff6376c6785+31545]
	chromedriver!GetHandleVerifier [0x7ff6376cfacc+3a88c]
	chromedriver!GetHandleVerifier [0x7ff6376b3634+1e3f4]
	chromedriver!GetHandleVerifier [0x7ff6376b37e6+1e5a6]
	chromedriver!GetHandleVerifier [0x7ff637697e37+2bf7]
	KERNEL32!BaseThreadInitThunk [0x7ffed015e8d7+17]
	ntdll!RtlUserThreadStart [0x7ffed10ec40c+2c]
</msg>
<status status="FAIL" starttime="20260402 17:56:20.421" endtime="20260402 17:56:20.511"/>
</kw>
<for flavor="IN">
<var>${bank_name}</var>
<value>@{BANKS}</value>
<iter>
<var name="${bank_name}"/>
<kw name="Check TP Code For Current Page">
<var>${has_data}</var>
<arg>${bank_name}</arg>
<arg>${tp_code}</arg>
<status status="NOT RUN" starttime="20260402 17:56:20.513" endtime="20260402 17:56:20.513"/>
</kw>
<if>
<branch type="IF" condition="${has_data}">
<return>
<value>${bank_name}</value>
<status status="NOT RUN" starttime="20260402 17:56:20.513" endtime="20260402 17:56:20.513"/>
</return>
<status status="NOT RUN" starttime="20260402 17:56:20.513" endtime="20260402 17:56:20.513"/>
</branch>
<status status="NOT RUN" starttime="20260402 17:56:20.513" endtime="20260402 17:56:20.513"/>
</if>
<kw name="Go To" library="Autosphere.Browser">
<arg>${URL}</arg>
<doc>Navigates the current browser window to the provided ``url``.</doc>
<status status="NOT RUN" starttime="20260402 17:56:20.513" endtime="20260402 17:56:20.513"/>
</kw>
<status status="NOT RUN" starttime="20260402 17:56:20.511" endtime="20260402 17:56:20.513"/>
</iter>
<status status="NOT RUN" starttime="20260402 17:56:20.511" endtime="20260402 17:56:20.513"/>
</for>
<return>
<value>${EMPTY}</value>
<status status="NOT RUN" starttime="20260402 17:56:20.513" endtime="20260402 17:56:20.513"/>
</return>
<status status="FAIL" starttime="20260402 17:56:20.421" endtime="20260402 17:56:20.513"/>
</kw>
<if>
<branch type="IF" condition="not $bank_name">
<kw name="Set To Dictionary" library="Collections">
<arg>${row}</arg>
<arg>Approve/Reject=Reject</arg>
<arg>Reason=TP Code not found in any bank</arg>
<doc>Adds the given ``key_value_pairs`` and ``items`` to the ``dictionary``.</doc>
<status status="NOT RUN" starttime="20260402 17:56:20.513" endtime="20260402 17:56:20.513"/>
</kw>
<status status="NOT RUN" starttime="20260402 17:56:20.513" endtime="20260402 17:56:20.513"/>
</branch>
<branch type="ELSE">
<kw name="Get Status Cell Locator">
<var>${status_locator}</var>
<arg>${name}</arg>
<arg>${phone}</arg>
<status status="NOT RUN" starttime="20260402 17:56:20.515" endtime="20260402 17:56:20.515"/>
</kw>
<if>
<branch type="IF" condition="not $status_locator">
<kw name="Set To Dictionary" library="Collections">
<arg>${row}</arg>
<arg>Approve/Reject=Reject</arg>
<arg>Reason=Person not found in TP result table</arg>
<doc>Adds the given ``key_value_pairs`` and ``items`` to the ``dictionary``.</doc>
<status status="NOT RUN" starttime="20260402 17:56:20.515" endtime="20260402 17:56:20.515"/>
</kw>
<status status="NOT RUN" starttime="20260402 17:56:20.515" endtime="20260402 17:56:20.515"/>
</branch>
<branch type="ELSE">
<kw name="Get Decision From Status Cell">
<var>${decision}</var>
<var>${reason}</var>
<arg>${status_locator}</arg>
<status status="NOT RUN" starttime="20260402 17:56:20.515" endtime="20260402 17:56:20.515"/>
</kw>
<kw name="Set To Dictionary" library="Collections">
<arg>${row}</arg>
<arg>Approve/Reject=${decision}</arg>
<arg>Reason=${reason}</arg>
<doc>Adds the given ``key_value_pairs`` and ``items`` to the ``dictionary``.</doc>
<status status="NOT RUN" starttime="20260402 17:56:20.515" endtime="20260402 17:56:20.515"/>
</kw>
<status status="NOT RUN" starttime="20260402 17:56:20.515" endtime="20260402 17:56:20.515"/>
</branch>
<status status="NOT RUN" starttime="20260402 17:56:20.515" endtime="20260402 17:56:20.515"/>
</if>
<status status="NOT RUN" starttime="20260402 17:56:20.513" endtime="20260402 17:56:20.515"/>
</branch>
<status status="NOT RUN" starttime="20260402 17:56:20.513" endtime="20260402 17:56:20.515"/>
</if>
<return>
<value>${row}</value>
<status status="NOT RUN" starttime="20260402 17:56:20.515" endtime="20260402 17:56:20.515"/>
</return>
<status status="FAIL" starttime="20260402 17:56:20.419" endtime="20260402 17:56:20.515"/>
</kw>
<kw name="Set List Value" library="Collections">
<arg>${rows}</arg>
<arg>${index}</arg>
<arg>${updated_row}</arg>
<doc>Sets the value of ``list`` specified by ``index`` to the given ``value``.</doc>
<status status="NOT RUN" starttime="20260402 17:56:20.515" endtime="20260402 17:56:20.515"/>
</kw>
<status status="FAIL" starttime="20260402 17:56:20.419" endtime="20260402 17:56:20.515"/>
</iter>
<status status="FAIL" starttime="20260402 17:56:20.419" endtime="20260402 17:56:20.515"/>
</for>
<kw name="Save Loan Output" library="LoanStatusProject">
<var>${output_path}</var>
<arg>${rows}</arg>
<arg>${EXECDIR}/${OUTPUT_FILE}</arg>
<doc>Save processed loan rows to a new Excel file.</doc>
<status status="NOT RUN" starttime="20260402 17:56:20.515" endtime="20260402 17:56:20.517"/>
</kw>
<kw name="Log To Console" library="BuiltIn">
<arg>Output saved to: ${output_path}</arg>
<doc>Logs the given message to the console.</doc>
<status status="NOT RUN" starttime="20260402 17:56:20.517" endtime="20260402 17:56:20.517"/>
</kw>
<status status="FAIL" starttime="20260402 17:56:20.321" endtime="20260402 17:56:20.517"/>
</kw>
<kw name="Create Zip For Output File">
<var>${zip_path}</var>
<status status="NOT RUN" starttime="20260402 17:56:20.517" endtime="20260402 17:56:20.517"/>
</kw>
<kw name="Go To" library="Autosphere.Browser">
<arg>${URL}</arg>
<doc>Navigates the current browser window to the provided ``url``.</doc>
<status status="NOT RUN" starttime="20260402 17:56:20.517" endtime="20260402 17:56:20.517"/>
</kw>
<kw name="Upload Zipped Report">
<arg>${zip_path}</arg>
<status status="NOT RUN" starttime="20260402 17:56:20.517" endtime="20260402 17:56:20.517"/>
</kw>
<status status="FAIL" starttime="20260402 17:56:20.321" endtime="20260402 17:56:20.517"/>
</kw>
<kw name="Close Browser Session">
<status status="NOT RUN" starttime="20260402 17:56:20.517" endtime="20260402 17:56:20.517"/>
</kw>
<status status="FAIL" starttime="20260402 17:56:10.989" endtime="20260402 17:56:20.517">InvalidSessionIdException: Message: invalid session id: session deleted as the browser has closed the connection
from disconnected: not connected to DevTools
  (Session info: chrome=146.0.7680.165)
Stacktrace:
	chromedriver!GetHandleVerifier [0x7ff6379829c5+2ed785]
	chromedriver!GetHandleVerifier [0x7ff6376aa0d0+14e90]
	chromedriver!(No symbol) [0x7ff63740db2d]
	chromedriver!(No symbol) [0x7ff6373f8ca2]
	chromedriver!(No symbol) [0x7ff63741f416]
	chromedriver!(No symbol) [0x7ff6374970e0]
	chromedriver!(No symbol) [0x7ff6374b3482]
	chromedriver!(No symbol) [0x7ff637459298]
	chromedriver!(No symbol) [0x7ff63745a183]
	chromedriver!GetHandleVerifier [0x7ff6379ade0d+318bcd]
	chromedriver!GetHandleVerifier [0x7ff6379a8588+313348]
	chromedriver!GetHandleVerifier [0x7ff6379c9d7a+334b3a]
	chromedriver!GetHandleVerifier [0x7ff6376c6785+31545]
	chromedriver!GetHandleVerifier [0x7ff6376cfacc+3a88c]
	chromedriver!GetHandleVerifier [0x7ff6376b3634+1e3f4]
	chromedriver!GetHandleVerifier [0x7ff6376b37e6+1e5a6]
	chromedriver!GetHandleVerifier [0x7ff637697e37+2bf7]
	KERNEL32!BaseThreadInitThunk [0x7ffed015e8d7+17]
	ntdll!RtlUserThreadStart [0x7ffed10ec40c+2c]
</status>
</test>
<status status="FAIL" starttime="20260402 17:56:05.877" endtime="20260402 17:56:20.517"/>
</suite>
<statistics>
<total>
<stat pass="0" fail="1" skip="0">All Tests</stat>
</total>
<tag>
</tag>
<suite>
<stat pass="0" fail="1" skip="0" id="s1" name="LoanStatusProject">LoanStatusProject</stat>
</suite>
</statistics>
<errors>
<msg timestamp="20260402 17:56:08.970" level="WARN">This is a deprecated import that will be removed in favor of Autosphere.Browser.Selenium</msg>
<msg timestamp="20260402 17:56:20.503" level="WARN">Keyword 'Capture Page Screenshot' could not be run on failure: Message: invalid session id
Stacktrace:
	chromedriver!GetHandleVerifier [0x7ff6379829c5+2ed785]
	chromedriver!GetHandleVerifier [0x7ff6376aa0d0+14e90]
	chromedriver!(No symbol) [0x7ff63740d916]
	chromedriver!(No symbol) [0x7ff637458313]
	chromedriver!(No symbol) [0x7ff63748fe92]
	chromedriver!(No symbol) [0x7ff63748a011]
	chromedriver!(No symbol) [0x7ff6374892c3]
	chromedriver!(No symbol) [0x7ff6373d6565]
	chromedriver!GetHandleVerifier [0x7ff6379ade0d+318bcd]
	chromedriver!GetHandleVerifier [0x7ff6379a8588+313348]
	chromedriver!GetHandleVerifier [0x7ff6379c9d7a+334b3a]
	chromedriver!GetHandleVerifier [0x7ff6376c6785+31545]
	chromedriver!GetHandleVerifier [0x7ff6376cfacc+3a88c]
	chromedriver!(No symbol) [0x7ff6373d532a]
	chromedriver!GetHandleVerifier [0x7ff637b04b48+46f908]
	KERNEL32!BaseThreadInitThunk [0x7ffed015e8d7+17]
	ntdll!RtlUserThreadStart [0x7ffed10ec40c+2c]
</msg>
</errors>
</robot>
