<?xml version="1.0" encoding="UTF-8"?>
<robot generator="Robot 6.0.2 (Python 3.11.6 on win32)" generated="20260403 11:09:56.110" rpa="false" schemaversion="3">
<suite id="s1" name="LoanStatusProject" source="C:\Users\DELL XPS\OneDrive\Desktop\Loan Status Project\LoanStatusProject.robot">
<test id="s1-t1" name="Process Loan File Zip And Upload" line="199">
<kw name="Open Browser With Download Folder">
<kw name="Create Dictionary" library="BuiltIn">
<var>${prefs}</var>
<arg>download.default_directory=${EXECDIR}</arg>
<doc>Creates and returns a dictionary based on the given ``items``.</doc>
<msg timestamp="20260403 11:10:00.329" level="INFO">${prefs} = {'download.default_directory': 'C:\\Users\\DELL XPS\\OneDrive\\Desktop\\Loan Status Project'}</msg>
<status status="PASS" starttime="20260403 11:10:00.329" endtime="20260403 11:10:00.329"/>
</kw>
<kw name="Evaluate" library="BuiltIn">
<var>${options}</var>
<arg>sys.modules['selenium.webdriver'].ChromeOptions()</arg>
<arg>sys</arg>
<doc>Evaluates the given expression in Python and returns the result.</doc>
<msg timestamp="20260403 11:10:00.329" level="INFO">${options} = &lt;selenium.webdriver.chrome.options.Options object at 0x000001944C92BE10&gt;</msg>
<status status="PASS" starttime="20260403 11:10:00.329" endtime="20260403 11:10:00.329"/>
</kw>
<kw name="Call Method" library="BuiltIn">
<arg>${options}</arg>
<arg>add_experimental_option</arg>
<arg>prefs</arg>
<arg>${prefs}</arg>
<doc>Calls the named method of the given object with the provided arguments.</doc>
<status status="PASS" starttime="20260403 11:10:00.329" endtime="20260403 11:10:00.329"/>
</kw>
<kw name="Create Webdriver" library="Autosphere.Browser">
<arg>${BROWSER}</arg>
<arg>options=${options}</arg>
<doc>Creates an instance of Selenium WebDriver.</doc>
<msg timestamp="20260403 11:10:00.329" level="INFO">Creating an instance of the Chrome WebDriver.</msg>
<status status="PASS" starttime="20260403 11:10:00.329" endtime="20260403 11:10:01.788"/>
</kw>
<kw name="Go To" library="Autosphere.Browser">
<arg>${URL}</arg>
<doc>Navigates the current browser window to the provided ``url``.</doc>
<msg timestamp="20260403 11:10:01.788" level="INFO">Opening url 'https://botsdna.com/LoanStatus/'</msg>
<status status="PASS" starttime="20260403 11:10:01.788" endtime="20260403 11:10:03.632"/>
</kw>
<kw name="Maximize Browser Window" library="Autosphere.Browser">
<doc>Maximizes current browser window.</doc>
<status status="PASS" starttime="20260403 11:10:03.632" endtime="20260403 11:10:03.678"/>
</kw>
<status status="PASS" starttime="20260403 11:10:00.329" endtime="20260403 11:10:03.678"/>
</kw>
<kw name="Download Excel File">
<kw name="Set Variable" library="BuiltIn">
<var>${download_button}</var>
<arg>xpath=//a[span[@id="yesterdayDate"]]</arg>
<doc>Returns the given values which can then be assigned to a variables.</doc>
<msg timestamp="20260403 11:10:03.687" level="INFO">${download_button} = xpath=//a[span[@id="yesterdayDate"]]</msg>
<status status="PASS" starttime="20260403 11:10:03.686" endtime="20260403 11:10:03.687"/>
</kw>
<kw name="Wait Until Element Is Visible" library="Autosphere.Browser">
<arg>${download_button}</arg>
<arg>15s</arg>
<doc>Waits until the element ``locator`` is visible.</doc>
<status status="PASS" starttime="20260403 11:10:03.687" endtime="20260403 11:10:03.801"/>
</kw>
<kw name="Click Element" library="Autosphere.Browser">
<arg>${download_button}</arg>
<doc>Click the element identified by ``locator``.</doc>
<msg timestamp="20260403 11:10:03.804" level="INFO">Clicking element 'xpath=//a[span[@id="yesterdayDate"]]'.</msg>
<status status="PASS" starttime="20260403 11:10:03.801" endtime="20260403 11:10:04.142"/>
</kw>
<kw name="Sleep" library="BuiltIn">
<arg>5s</arg>
<doc>Pauses the test executed for the given time.</doc>
<msg timestamp="20260403 11:10:09.143" level="INFO">Slept 5 seconds</msg>
<status status="PASS" starttime="20260403 11:10:04.142" endtime="20260403 11:10:09.143"/>
</kw>
<status status="PASS" starttime="20260403 11:10:03.685" endtime="20260403 11:10:09.143"/>
</kw>
<kw name="Process Loan File And Upload Report">
<kw name="Process All Loan Rows And Save Output">
<kw name="Read And Log Excel Data">
<var>${rows}</var>
<kw name="Read Loan Data" library="LoanStatusProject">
<var>@{rows}</var>
<arg>${EXECDIR}/${INPUT_FILE}</arg>
<doc>Read loan data from Excel and return rows for Robot Framework.</doc>
<msg timestamp="20260403 11:10:09.205" level="INFO">@{rows} = [ {'Name': 'Basha', 'Phone Number': 8765757984, 'Company': 'HP', 'TP Code': 2783787332, 'Approve/Reject': '', 'Reason': ''} | {'Name': 'Prasanna', 'Phone Number': 9898865434, 'Company': 'DXC', 'TP Cod...</msg>
<status status="PASS" starttime="20260403 11:10:09.143" endtime="20260403 11:10:09.205"/>
</kw>
<kw name="Get Length" library="BuiltIn">
<var>${row_count}</var>
<arg>${rows}</arg>
<doc>Returns and logs the length of the given item as an integer.</doc>
<msg timestamp="20260403 11:10:09.206" level="INFO">Length is 47</msg>
<msg timestamp="20260403 11:10:09.206" level="INFO">${row_count} = 47</msg>
<status status="PASS" starttime="20260403 11:10:09.205" endtime="20260403 11:10:09.206"/>
</kw>
<kw name="Log To Console" library="BuiltIn">
<arg>Total rows read: ${row_count}</arg>
<doc>Logs the given message to the console.</doc>
<status status="PASS" starttime="20260403 11:10:09.206" endtime="20260403 11:10:09.207"/>
</kw>
<for flavor="IN">
<var>${row}</var>
<value>@{rows}</value>
<iter>
<var name="${row}">{'Name': 'Basha', 'Phone Number': 8765757984, 'Company': 'HP', 'TP Code': 2783787332, 'Approve/Reject': '', 'Reason': ''}</var>
<kw name="Log To Console" library="BuiltIn">
<arg>${row}</arg>
<doc>Logs the given message to the console.</doc>
<status status="PASS" starttime="20260403 11:10:09.208" endtime="20260403 11:10:09.208"/>
</kw>
<status status="PASS" starttime="20260403 11:10:09.208" endtime="20260403 11:10:09.208"/>
</iter>
<iter>
<var name="${row}">{'Name': 'Prasanna', 'Phone Number': 9898865434, 'Company': 'DXC', 'TP Code': 2783787332, 'Approve/Reject': '', 'Reason': ''}</var>
<kw name="Log To Console" library="BuiltIn">
<arg>${row}</arg>
<doc>Logs the given message to the console.</doc>
<status status="PASS" starttime="20260403 11:10:09.209" endtime="20260403 11:10:09.209"/>
</kw>
<status status="PASS" starttime="20260403 11:10:09.209" endtime="20260403 11:10:09.209"/>
</iter>
<iter>
<var name="${row}">{'Name': 'Phanindra', 'Phone Number': 9700432765, 'Company': 'Infosys', 'TP Code': 4546754610, 'Approve/Reject': '', 'Reason': ''}</var>
<kw name="Log To Console" library="BuiltIn">
<arg>${row}</arg>
<doc>Logs the given message to the console.</doc>
<status status="PASS" starttime="20260403 11:10:09.210" endtime="20260403 11:10:09.210"/>
</kw>
<status status="PASS" starttime="20260403 11:10:09.210" endtime="20260403 11:10:09.210"/>
</iter>
<iter>
<var name="${row}">{'Name': 'Suresh', 'Phone Number': 9876534776, 'Company': 'Google', 'TP Code': 4546754610, 'Approve/Reject': '', 'Reason': ''}</var>
<kw name="Log To Console" library="BuiltIn">
<arg>${row}</arg>
<doc>Logs the given message to the console.</doc>
<status status="PASS" starttime="20260403 11:10:09.211" endtime="20260403 11:10:09.212"/>
</kw>
<status status="PASS" starttime="20260403 11:10:09.211" endtime="20260403 11:10:09.212"/>
</iter>
<iter>
<var name="${row}">{'Name': 'Vamsi', 'Phone Number': 9966543678, 'Company': 'TCS', 'TP Code': 4546754610, 'Approve/Reject': '', 'Reason': ''}</var>
<kw name="Log To Console" library="BuiltIn">
<arg>${row}</arg>
<doc>Logs the given message to the console.</doc>
<status status="PASS" starttime="20260403 11:10:09.213" endtime="20260403 11:10:09.214"/>
</kw>
<status status="PASS" starttime="20260403 11:10:09.213" endtime="20260403 11:10:09.214"/>
</iter>
<iter>
<var name="${row}">{'Name': 'Krishna', 'Phone Number': 9543246765, 'Company': 'HP', 'TP Code': 4546754610, 'Approve/Reject': '', 'Reason': ''}</var>
<kw name="Log To Console" library="BuiltIn">
<arg>${row}</arg>
<doc>Logs the given message to the console.</doc>
<status status="PASS" starttime="20260403 11:10:09.214" endtime="20260403 11:10:09.215"/>
</kw>
<status status="PASS" starttime="20260403 11:10:09.214" endtime="20260403 11:10:09.215"/>
</iter>
<iter>
<var name="${row}">{'Name': 'Chiranjeevi', 'Phone Number': 9876543567, 'Company': 'DXC', 'TP Code': 4546754610, 'Approve/Reject': '', 'Reason': ''}</var>
<kw name="Log To Console" library="BuiltIn">
<arg>${row}</arg>
<doc>Logs the given message to the console.</doc>
<status status="PASS" starttime="20260403 11:10:09.215" endtime="20260403 11:10:09.216"/>
</kw>
<status status="PASS" starttime="20260403 11:10:09.215" endtime="20260403 11:10:09.216"/>
</iter>
<iter>
<var name="${row}">{'Name': 'Bhagyaraju', 'Phone Number': 9001135767, 'Company': 'Infosys', 'TP Code': 4546754610, 'Approve/Reject': '', 'Reason': ''}</var>
<kw name="Log To Console" library="BuiltIn">
<arg>${row}</arg>
<doc>Logs the given message to the console.</doc>
<status status="PASS" starttime="20260403 11:10:09.217" endtime="20260403 11:10:09.217"/>
</kw>
<status status="PASS" starttime="20260403 11:10:09.216" endtime="20260403 11:10:09.218"/>
</iter>
<iter>
<var name="${row}">{'Name': 'Sukanya', 'Phone Number': 9876785644, 'Company': 'TCS', 'TP Code': 4546754610, 'Approve/Reject': '', 'Reason': ''}</var>
<kw name="Log To Console" library="BuiltIn">
<arg>${row}</arg>
<doc>Logs the given message to the console.</doc>
<status status="PASS" starttime="20260403 11:10:09.218" endtime="20260403 11:10:09.219"/>
</kw>
<status status="PASS" starttime="20260403 11:10:09.218" endtime="20260403 11:10:09.219"/>
</iter>
<iter>
<var name="${row}">{'Name': 'Satish', 'Phone Number': 9998883456, 'Company': 'Google', 'TP Code': 4546754610, 'Approve/Reject': '', 'Reason': ''}</var>
<kw name="Log To Console" library="BuiltIn">
<arg>${row}</arg>
<doc>Logs the given message to the console.</doc>
<status status="PASS" starttime="20260403 11:10:09.219" endtime="20260403 11:10:09.221"/>
</kw>
<status status="PASS" starttime="20260403 11:10:09.219" endtime="20260403 11:10:09.221"/>
</iter>
<iter>
<var name="${row}">{'Name': 'Srinivasulu', 'Phone Number': 8976456787, 'Company': 'TCS', 'TP Code': 4546754610, 'Approve/Reject': '', 'Reason': ''}</var>
<kw name="Log To Console" library="BuiltIn">
<arg>${row}</arg>
<doc>Logs the given message to the console.</doc>
<status status="PASS" starttime="20260403 11:10:09.221" endtime="20260403 11:10:09.222"/>
</kw>
<status status="PASS" starttime="20260403 11:10:09.221" endtime="20260403 11:10:09.223"/>
</iter>
<iter>
<var name="${row}">{'Name': 'Thirumala', 'Phone Number': 9573645432, 'Company': 'HP', 'TP Code': 4546754610, 'Approve/Reject': '', 'Reason': ''}</var>
<kw name="Log To Console" library="BuiltIn">
<arg>${row}</arg>
<doc>Logs the given message to the console.</doc>
<status status="PASS" starttime="20260403 11:10:09.223" endtime="20260403 11:10:09.224"/>
</kw>
<status status="PASS" starttime="20260403 11:10:09.223" endtime="20260403 11:10:09.224"/>
</iter>
<iter>
<var name="${row}">{'Name': 'Kiran', 'Phone Number': 7867654367, 'Company': 'DXC', 'TP Code': 4546754610, 'Approve/Reject': '', 'Reason': ''}</var>
<kw name="Log To Console" library="BuiltIn">
<arg>${row}</arg>
<doc>Logs the given message to the console.</doc>
<status status="PASS" starttime="20260403 11:10:09.224" endtime="20260403 11:10:09.225"/>
</kw>
<status status="PASS" starttime="20260403 11:10:09.224" endtime="20260403 11:10:09.225"/>
</iter>
<iter>
<var name="${row}">{'Name': 'Ravi', 'Phone Number': 7654678765, 'Company': 'Infosys', 'TP Code': 6545644552, 'Approve/Reject': '', 'Reason': ''}</var>
<kw name="Log To Console" library="BuiltIn">
<arg>${row}</arg>
<doc>Logs the given message to the console.</doc>
<status status="PASS" starttime="20260403 11:10:09.225" endtime="20260403 11:10:09.227"/>
</kw>
<status status="PASS" starttime="20260403 11:10:09.225" endtime="20260403 11:10:09.227"/>
</iter>
<iter>
<var name="${row}">{'Name': 'Goutham', 'Phone Number': 8766543258, 'Company': 'Google', 'TP Code': 6545644552, 'Approve/Reject': '', 'Reason': ''}</var>
<kw name="Log To Console" library="BuiltIn">
<arg>${row}</arg>
<doc>Logs the given message to the console.</doc>
<status status="PASS" starttime="20260403 11:10:09.227" endtime="20260403 11:10:09.227"/>
</kw>
<status status="PASS" starttime="20260403 11:10:09.227" endtime="20260403 11:10:09.227"/>
</iter>
<iter>
<var name="${row}">{'Name': 'Siva', 'Phone Number': 9988787654, 'Company': 'TCS', 'TP Code': 7263789272, 'Approve/Reject': '', 'Reason': ''}</var>
<kw name="Log To Console" library="BuiltIn">
<arg>${row}</arg>
<doc>Logs the given message to the console.</doc>
<status status="PASS" starttime="20260403 11:10:09.227" endtime="20260403 11:10:09.227"/>
</kw>
<status status="PASS" starttime="20260403 11:10:09.227" endtime="20260403 11:10:09.227"/>
</iter>
<iter>
<var name="${row}">{'Name': 'Satyanarayana', 'Phone Number': 7654654467, 'Company': 'HP', 'TP Code': 7263789272, 'Approve/Reject': '', 'Reason': ''}</var>
<kw name="Log To Console" library="BuiltIn">
<arg>${row}</arg>
<doc>Logs the given message to the console.</doc>
<status status="PASS" starttime="20260403 11:10:09.233" endtime="20260403 11:10:09.233"/>
</kw>
<status status="PASS" starttime="20260403 11:10:09.233" endtime="20260403 11:10:09.233"/>
</iter>
<iter>
<var name="${row}">{'Name': 'Umashankara', 'Phone Number': 9988995567, 'Company': 'DXC', 'TP Code': 6554433564, 'Approve/Reject': '', 'Reason': ''}</var>
<kw name="Log To Console" library="BuiltIn">
<arg>${row}</arg>
<doc>Logs the given message to the console.</doc>
<status status="PASS" starttime="20260403 11:10:09.235" endtime="20260403 11:10:09.235"/>
</kw>
<status status="PASS" starttime="20260403 11:10:09.235" endtime="20260403 11:10:09.235"/>
</iter>
<iter>
<var name="${row}">{'Name': 'Ramesh', 'Phone Number': 9098765346, 'Company': 'Infosys', 'TP Code': 6554433564, 'Approve/Reject': '', 'Reason': ''}</var>
<kw name="Log To Console" library="BuiltIn">
<arg>${row}</arg>
<doc>Logs the given message to the console.</doc>
<status status="PASS" starttime="20260403 11:10:09.235" endtime="20260403 11:10:09.238"/>
</kw>
<status status="PASS" starttime="20260403 11:10:09.235" endtime="20260403 11:10:09.238"/>
</iter>
<iter>
<var name="${row}">{'Name': 'Venkat', 'Phone Number': 6654323565, 'Company': 'Google', 'TP Code': 6554433564, 'Approve/Reject': '', 'Reason': ''}</var>
<kw name="Log To Console" library="BuiltIn">
<arg>${row}</arg>
<doc>Logs the given message to the console.</doc>
<status status="PASS" starttime="20260403 11:10:09.241" endtime="20260403 11:10:09.243"/>
</kw>
<status status="PASS" starttime="20260403 11:10:09.239" endtime="20260403 11:10:09.243"/>
</iter>
<iter>
<var name="${row}">{'Name': 'Hari', 'Phone Number': 9877654674, 'Company': 'TCS', 'TP Code': 6554433564, 'Approve/Reject': '', 'Reason': ''}</var>
<kw name="Log To Console" library="BuiltIn">
<arg>${row}</arg>
<doc>Logs the given message to the console.</doc>
<status status="PASS" starttime="20260403 11:10:09.243" endtime="20260403 11:10:09.243"/>
</kw>
<status status="PASS" starttime="20260403 11:10:09.243" endtime="20260403 11:10:09.246"/>
</iter>
<iter>
<var name="${row}">{'Name': 'Prem', 'Phone Number': 9899778877, 'Company': 'HP', 'TP Code': 6557666666, 'Approve/Reject': '', 'Reason': ''}</var>
<kw name="Log To Console" library="BuiltIn">
<arg>${row}</arg>
<doc>Logs the given message to the console.</doc>
<status status="PASS" starttime="20260403 11:10:09.246" endtime="20260403 11:10:09.246"/>
</kw>
<status status="PASS" starttime="20260403 11:10:09.246" endtime="20260403 11:10:09.246"/>
</iter>
<iter>
<var name="${row}">{'Name': 'Narendra', 'Phone Number': 7876546879, 'Company': 'DXC', 'TP Code': 6557666666, 'Approve/Reject': '', 'Reason': ''}</var>
<kw name="Log To Console" library="BuiltIn">
<arg>${row}</arg>
<doc>Logs the given message to the console.</doc>
<status status="PASS" starttime="20260403 11:10:09.248" endtime="20260403 11:10:09.248"/>
</kw>
<status status="PASS" starttime="20260403 11:10:09.248" endtime="20260403 11:10:09.250"/>
</iter>
<iter>
<var name="${row}">{'Name': 'Salman', 'Phone Number': 9098768098, 'Company': 'Infosys', 'TP Code': 6557666666, 'Approve/Reject': '', 'Reason': ''}</var>
<kw name="Log To Console" library="BuiltIn">
<arg>${row}</arg>
<doc>Logs the given message to the console.</doc>
<status status="PASS" starttime="20260403 11:10:09.250" endtime="20260403 11:10:09.252"/>
</kw>
<status status="PASS" starttime="20260403 11:10:09.250" endtime="20260403 11:10:09.252"/>
</iter>
<iter>
<var name="${row}">{'Name': 'Balaji', 'Phone Number': 7877670987, 'Company': 'Google', 'TP Code': 6557666666, 'Approve/Reject': '', 'Reason': ''}</var>
<kw name="Log To Console" library="BuiltIn">
<arg>${row}</arg>
<doc>Logs the given message to the console.</doc>
<status status="PASS" starttime="20260403 11:10:09.252" endtime="20260403 11:10:09.256"/>
</kw>
<status status="PASS" starttime="20260403 11:10:09.252" endtime="20260403 11:10:09.256"/>
</iter>
<iter>
<var name="${row}">{'Name': 'Kotireddy', 'Phone Number': 9988998800, 'Company': 'TCS', 'TP Code': 6557666666, 'Approve/Reject': '', 'Reason': ''}</var>
<kw name="Log To Console" library="BuiltIn">
<arg>${row}</arg>
<doc>Logs the given message to the console.</doc>
<status status="PASS" starttime="20260403 11:10:09.256" endtime="20260403 11:10:09.258"/>
</kw>
<status status="PASS" starttime="20260403 11:10:09.256" endtime="20260403 11:10:09.258"/>
</iter>
<iter>
<var name="${row}">{'Name': 'Abinash', 'Phone Number': 6554466567, 'Company': 'HP', 'TP Code': 6557666666, 'Approve/Reject': '', 'Reason': ''}</var>
<kw name="Log To Console" library="BuiltIn">
<arg>${row}</arg>
<doc>Logs the given message to the console.</doc>
<status status="PASS" starttime="20260403 11:10:09.260" endtime="20260403 11:10:09.260"/>
</kw>
<status status="PASS" starttime="20260403 11:10:09.258" endtime="20260403 11:10:09.260"/>
</iter>
<iter>
<var name="${row}">{'Name': 'Riyaz', 'Phone Number': 9700011123, 'Company': 'DXC', 'TP Code': 6755765774, 'Approve/Reject': '', 'Reason': ''}</var>
<kw name="Log To Console" library="BuiltIn">
<arg>${row}</arg>
<doc>Logs the given message to the console.</doc>
<status status="PASS" starttime="20260403 11:10:09.262" endtime="20260403 11:10:09.262"/>
</kw>
<status status="PASS" starttime="20260403 11:10:09.262" endtime="20260403 11:10:09.262"/>
</iter>
<iter>
<var name="${row}">{'Name': 'Banu', 'Phone Number': 9876556786, 'Company': 'Infosys', 'TP Code': 6755765774, 'Approve/Reject': '', 'Reason': ''}</var>
<kw name="Log To Console" library="BuiltIn">
<arg>${row}</arg>
<doc>Logs the given message to the console.</doc>
<status status="PASS" starttime="20260403 11:10:09.264" endtime="20260403 11:10:09.264"/>
</kw>
<status status="PASS" starttime="20260403 11:10:09.262" endtime="20260403 11:10:09.264"/>
</iter>
<iter>
<var name="${row}">{'Name': 'Yesu', 'Phone Number': 9009099125, 'Company': 'Google', 'TP Code': 6755765774, 'Approve/Reject': '', 'Reason': ''}</var>
<kw name="Log To Console" library="BuiltIn">
<arg>${row}</arg>
<doc>Logs the given message to the console.</doc>
<status status="PASS" starttime="20260403 11:10:09.264" endtime="20260403 11:10:09.266"/>
</kw>
<status status="PASS" starttime="20260403 11:10:09.264" endtime="20260403 11:10:09.266"/>
</iter>
<iter>
<var name="${row}">{'Name': 'Ramu', 'Phone Number': 8776687675, 'Company': 'TCS', 'TP Code': 6755765774, 'Approve/Reject': '', 'Reason': ''}</var>
<kw name="Log To Console" library="BuiltIn">
<arg>${row}</arg>
<doc>Logs the given message to the console.</doc>
<status status="PASS" starttime="20260403 11:10:09.266" endtime="20260403 11:10:09.266"/>
</kw>
<status status="PASS" starttime="20260403 11:10:09.266" endtime="20260403 11:10:09.268"/>
</iter>
<iter>
<var name="${row}">{'Name': 'Sai', 'Phone Number': 8986543456, 'Company': 'HP', 'TP Code': 8757575476, 'Approve/Reject': '', 'Reason': ''}</var>
<kw name="Log To Console" library="BuiltIn">
<arg>${row}</arg>
<doc>Logs the given message to the console.</doc>
<status status="PASS" starttime="20260403 11:10:09.268" endtime="20260403 11:10:09.268"/>
</kw>
<status status="PASS" starttime="20260403 11:10:09.268" endtime="20260403 11:10:09.268"/>
</iter>
<iter>
<var name="${row}">{'Name': 'Sravan', 'Phone Number': 7766543659, 'Company': 'DXC', 'TP Code': 8757575476, 'Approve/Reject': '', 'Reason': ''}</var>
<kw name="Log To Console" library="BuiltIn">
<arg>${row}</arg>
<doc>Logs the given message to the console.</doc>
<status status="PASS" starttime="20260403 11:10:09.271" endtime="20260403 11:10:09.272"/>
</kw>
<status status="PASS" starttime="20260403 11:10:09.271" endtime="20260403 11:10:09.272"/>
</iter>
<iter>
<var name="${row}">{'Name': 'Jagadeesh', 'Phone Number': 9573649242, 'Company': 'Infosys', 'TP Code': 8757575476, 'Approve/Reject': '', 'Reason': ''}</var>
<kw name="Log To Console" library="BuiltIn">
<arg>${row}</arg>
<doc>Logs the given message to the console.</doc>
<status status="PASS" starttime="20260403 11:10:09.274" endtime="20260403 11:10:09.276"/>
</kw>
<status status="PASS" starttime="20260403 11:10:09.272" endtime="20260403 11:10:09.276"/>
</iter>
<iter>
<var name="${row}">{'Name': 'Vijay', 'Phone Number': 8776587678, 'Company': 'Google', 'TP Code': 8757575476, 'Approve/Reject': '', 'Reason': ''}</var>
<kw name="Log To Console" library="BuiltIn">
<arg>${row}</arg>
<doc>Logs the given message to the console.</doc>
<status status="PASS" starttime="20260403 11:10:09.276" endtime="20260403 11:10:09.279"/>
</kw>
<status status="PASS" starttime="20260403 11:10:09.276" endtime="20260403 11:10:09.279"/>
</iter>
<iter>
<var name="${row}">{'Name': 'Raj', 'Phone Number': 9876546898, 'Company': 'TCS', 'TP Code': 8757575476, 'Approve/Reject': '', 'Reason': ''}</var>
<kw name="Log To Console" library="BuiltIn">
<arg>${row}</arg>
<doc>Logs the given message to the console.</doc>
<status status="PASS" starttime="20260403 11:10:09.279" endtime="20260403 11:10:09.279"/>
</kw>
<status status="PASS" starttime="20260403 11:10:09.279" endtime="20260403 11:10:09.279"/>
</iter>
<iter>
<var name="${row}">{'Name': 'Kumar', 'Phone Number': 8899789656, 'Company': 'HP', 'TP Code': 8757575476, 'Approve/Reject': '', 'Reason': ''}</var>
<kw name="Log To Console" library="BuiltIn">
<arg>${row}</arg>
<doc>Logs the given message to the console.</doc>
<status status="PASS" starttime="20260403 11:10:09.279" endtime="20260403 11:10:09.279"/>
</kw>
<status status="PASS" starttime="20260403 11:10:09.279" endtime="20260403 11:10:09.279"/>
</iter>
<iter>
<var name="${row}">{'Name': 'Prasad', 'Phone Number': 8876767876, 'Company': 'DXC', 'TP Code': 8765445366, 'Approve/Reject': '', 'Reason': ''}</var>
<kw name="Log To Console" library="BuiltIn">
<arg>${row}</arg>
<doc>Logs the given message to the console.</doc>
<status status="PASS" starttime="20260403 11:10:09.279" endtime="20260403 11:10:09.279"/>
</kw>
<status status="PASS" starttime="20260403 11:10:09.279" endtime="20260403 11:10:09.279"/>
</iter>
<iter>
<var name="${row}">{'Name': 'Ganesh', 'Phone Number': 7865123657, 'Company': 'Infosys', 'TP Code': 8765445366, 'Approve/Reject': '', 'Reason': ''}</var>
<kw name="Log To Console" library="BuiltIn">
<arg>${row}</arg>
<doc>Logs the given message to the console.</doc>
<status status="PASS" starttime="20260403 11:10:09.279" endtime="20260403 11:10:09.279"/>
</kw>
<status status="PASS" starttime="20260403 11:10:09.279" endtime="20260403 11:10:09.279"/>
</iter>
<iter>
<var name="${row}">{'Name': 'Ravi Babu', 'Phone Number': 9000112357, 'Company': 'Google', 'TP Code': 8765445366, 'Approve/Reject': '', 'Reason': ''}</var>
<kw name="Log To Console" library="BuiltIn">
<arg>${row}</arg>
<doc>Logs the given message to the console.</doc>
<status status="PASS" starttime="20260403 11:10:09.279" endtime="20260403 11:10:09.279"/>
</kw>
<status status="PASS" starttime="20260403 11:10:09.279" endtime="20260403 11:10:09.279"/>
</iter>
<iter>
<var name="${row}">{'Name': 'Riyaz', 'Phone Number': 7876543265, 'Company': 'TCS', 'TP Code': 8765445366, 'Approve/Reject': '', 'Reason': ''}</var>
<kw name="Log To Console" library="BuiltIn">
<arg>${row}</arg>
<doc>Logs the given message to the console.</doc>
<status status="PASS" starttime="20260403 11:10:09.279" endtime="20260403 11:10:09.286"/>
</kw>
<status status="PASS" starttime="20260403 11:10:09.279" endtime="20260403 11:10:09.286"/>
</iter>
<iter>
<var name="${row}">{'Name': 'Balaji', 'Phone Number': 9098767987, 'Company': 'HP', 'TP Code': 8765445366, 'Approve/Reject': '', 'Reason': ''}</var>
<kw name="Log To Console" library="BuiltIn">
<arg>${row}</arg>
<doc>Logs the given message to the console.</doc>
<status status="PASS" starttime="20260403 11:10:09.287" endtime="20260403 11:10:09.288"/>
</kw>
<status status="PASS" starttime="20260403 11:10:09.286" endtime="20260403 11:10:09.288"/>
</iter>
<iter>
<var name="${row}">{'Name': 'Ramesh', 'Phone Number': 7665434456, 'Company': 'DXC', 'TP Code': 8765445366, 'Approve/Reject': '', 'Reason': ''}</var>
<kw name="Log To Console" library="BuiltIn">
<arg>${row}</arg>
<doc>Logs the given message to the console.</doc>
<status status="PASS" starttime="20260403 11:10:09.288" endtime="20260403 11:10:09.288"/>
</kw>
<status status="PASS" starttime="20260403 11:10:09.288" endtime="20260403 11:10:09.288"/>
</iter>
<iter>
<var name="${row}">{'Name': 'Koteswararao', 'Phone Number': 9876543565, 'Company': 'Infosys', 'TP Code': 9876766764, 'Approve/Reject': '', 'Reason': ''}</var>
<kw name="Log To Console" library="BuiltIn">
<arg>${row}</arg>
<doc>Logs the given message to the console.</doc>
<status status="PASS" starttime="20260403 11:10:09.290" endtime="20260403 11:10:09.290"/>
</kw>
<status status="PASS" starttime="20260403 11:10:09.290" endtime="20260403 11:10:09.290"/>
</iter>
<iter>
<var name="${row}">{'Name': 'Ajay', 'Phone Number': 8765467657, 'Company': 'Google', 'TP Code': 9876766764, 'Approve/Reject': '', 'Reason': ''}</var>
<kw name="Log To Console" library="BuiltIn">
<arg>${row}</arg>
<doc>Logs the given message to the console.</doc>
<status status="PASS" starttime="20260403 11:10:09.290" endtime="20260403 11:10:09.290"/>
</kw>
<status status="PASS" starttime="20260403 11:10:09.290" endtime="20260403 11:10:09.290"/>
</iter>
<iter>
<var name="${row}">{'Name': 'Anili', 'Phone Number': 9654443339, 'Company': 'TCS', 'TP Code': 9876766764, 'Approve/Reject': '', 'Reason': ''}</var>
<kw name="Log To Console" library="BuiltIn">
<arg>${row}</arg>
<doc>Logs the given message to the console.</doc>
<status status="PASS" starttime="20260403 11:10:09.290" endtime="20260403 11:10:09.290"/>
</kw>
<status status="PASS" starttime="20260403 11:10:09.290" endtime="20260403 11:10:09.290"/>
</iter>
<iter>
<var name="${row}">{'Name': 'Mahesh', 'Phone Number': 8765765678, 'Company': 'HP', 'TP Code': 9876766764, 'Approve/Reject': '', 'Reason': ''}</var>
<kw name="Log To Console" library="BuiltIn">
<arg>${row}</arg>
<doc>Logs the given message to the console.</doc>
<status status="PASS" starttime="20260403 11:10:09.290" endtime="20260403 11:10:09.290"/>
</kw>
<status status="PASS" starttime="20260403 11:10:09.290" endtime="20260403 11:10:09.290"/>
</iter>
<status status="PASS" starttime="20260403 11:10:09.207" endtime="20260403 11:10:09.290"/>
</for>
<return>
<value>${rows}</value>
<status status="PASS" starttime="20260403 11:10:09.290" endtime="20260403 11:10:09.290"/>
</return>
<msg timestamp="20260403 11:10:09.290" level="INFO">${rows} = [{'Name': 'Basha', 'Phone Number': 8765757984, 'Company': 'HP', 'TP Code': 2783787332, 'Approve/Reject': '', 'Reason': ''}, {'Name': 'Prasanna', 'Phone Number': 9898865434, 'Company': 'DXC', 'TP Code'...</msg>
<status status="PASS" starttime="20260403 11:10:09.143" endtime="20260403 11:10:09.290"/>
</kw>
<for flavor="IN ENUMERATE">
<var>${index}</var>
<var>${row}</var>
<value>@{rows}</value>
<iter>
<var name="${index}">0</var>
<var name="${row}">{'Name': 'Basha', 'Phone Number': 8765757984, 'Company': 'HP', 'TP Code': 2783787332, 'Approve/Reject': '', 'Reason': ''}</var>
<kw name="Process Loan Row">
<var>${updated_row}</var>
<arg>${row}</arg>
<kw name="Get From Dictionary" library="Collections">
<var>${name}</var>
<arg>${row}</arg>
<arg>Name</arg>
<doc>Returns a value from the given ``dictionary`` based on the given ``key``.</doc>
<msg timestamp="20260403 11:10:09.290" level="INFO">${name} = Basha</msg>
<status status="PASS" starttime="20260403 11:10:09.290" endtime="20260403 11:10:09.290"/>
</kw>
<kw name="Get From Dictionary" library="Collections">
<var>${phone}</var>
<arg>${row}</arg>
<arg>Phone Number</arg>
<doc>Returns a value from the given ``dictionary`` based on the given ``key``.</doc>
<msg timestamp="20260403 11:10:09.290" level="INFO">${phone} = 8765757984</msg>
<status status="PASS" starttime="20260403 11:10:09.290" endtime="20260403 11:10:09.290"/>
</kw>
<kw name="Get From Dictionary" library="Collections">
<var>${tp_code}</var>
<arg>${row}</arg>
<arg>TP Code</arg>
<doc>Returns a value from the given ``dictionary`` based on the given ``key``.</doc>
<msg timestamp="20260403 11:10:09.290" level="INFO">${tp_code} = 2783787332</msg>
<status status="PASS" starttime="20260403 11:10:09.290" endtime="20260403 11:10:09.290"/>
</kw>
<kw name="Log To Console" library="BuiltIn">
<arg>Processing row: ${name} | ${phone} | ${tp_code}</arg>
<doc>Logs the given message to the console.</doc>
<status status="PASS" starttime="20260403 11:10:09.300" endtime="20260403 11:10:09.300"/>
</kw>
<kw name="Find Bank For TP Code">
<var>${bank_name}</var>
<arg>${tp_code}</arg>
<kw name="Go To" library="Autosphere.Browser">
<arg>${URL}</arg>
<doc>Navigates the current browser window to the provided ``url``.</doc>
<msg timestamp="20260403 11:10:09.300" level="INFO">Opening url 'https://botsdna.com/LoanStatus/'</msg>
<status status="PASS" starttime="20260403 11:10:09.300" endtime="20260403 11:10:09.382"/>
</kw>
<for flavor="IN">
<var>${bank_name}</var>
<value>@{BANKS}</value>
<iter>
<var name="${bank_name}">SBI</var>
<kw name="Check TP Code For Current Page">
<var>${has_data}</var>
<arg>${bank_name}</arg>
<arg>${tp_code}</arg>
<kw name="Open Bank Details">
<arg>${bank_name}</arg>
<kw name="Set Variable" library="BuiltIn">
<var>${bank_locator}</var>
<arg>xpath=//a[normalize-space()='${bank_name}']</arg>
<doc>Returns the given values which can then be assigned to a variables.</doc>
<msg timestamp="20260403 11:10:09.385" level="INFO">${bank_locator} = xpath=//a[normalize-space()='SBI']</msg>
<status status="PASS" starttime="20260403 11:10:09.384" endtime="20260403 11:10:09.385"/>
</kw>
<kw name="Wait Until Element Is Visible" library="Autosphere.Browser">
<arg>${bank_locator}</arg>
<arg>10s</arg>
<doc>Waits until the element ``locator`` is visible.</doc>
<status status="PASS" starttime="20260403 11:10:09.385" endtime="20260403 11:10:09.444"/>
</kw>
<kw name="Click Element" library="Autosphere.Browser">
<arg>${bank_locator}</arg>
<doc>Click the element identified by ``locator``.</doc>
<msg timestamp="20260403 11:10:09.445" level="INFO">Clicking element 'xpath=//a[normalize-space()='SBI']'.</msg>
<status status="PASS" starttime="20260403 11:10:09.444" endtime="20260403 11:10:09.779"/>
</kw>
<status status="PASS" starttime="20260403 11:10:09.384" endtime="20260403 11:10:09.779"/>
</kw>
<kw name="TP Code Has Data">
<var>${has_data}</var>
<arg>${tp_code}</arg>
<kw name="Open TP Code Details">
<var>${tp_opened}</var>
<arg>${tp_code}</arg>
<kw name="Set Variable" library="BuiltIn">
<var>${tp_locator}</var>
<arg>xpath=//a[normalize-space()='${tp_code}']</arg>
<doc>Returns the given values which can then be assigned to a variables.</doc>
<msg timestamp="20260403 11:10:09.779" level="INFO">${tp_locator} = xpath=//a[normalize-space()='2783787332']</msg>
<status status="PASS" starttime="20260403 11:10:09.779" endtime="20260403 11:10:09.779"/>
</kw>
<kw name="Run Keyword And Return Status" library="BuiltIn">
<var>${tp_visible}</var>
<arg>Wait Until Element Is Visible</arg>
<arg>${tp_locator}</arg>
<arg>3s</arg>
<doc>Runs the given keyword with given arguments and returns the status as a Boolean value.</doc>
<kw name="Wait Until Element Is Visible" library="Autosphere.Browser">
<arg>${tp_locator}</arg>
<arg>3s</arg>
<doc>Waits until the element ``locator`` is visible.</doc>
<msg timestamp="20260403 11:10:10.890" level="WARN">Keyword 'Capture Page Screenshot' could not be run on failure: Message: no such window: target window already closed
from unknown error: web view not found
  (Session info: chrome=146.0.7680.178)
Stacktrace:
	chromedriver!GetHandleVerifier [0x7ff7e92b29c5+2ed785]
	chromedriver!GetHandleVerifier [0x7ff7e8fda0d0+14e90]
	chromedriver!(No symbol) [0x7ff7e8d3db2d]
	chromedriver!(No symbol) [0x7ff7e8d14322]
	chromedriver!(No symbol) [0x7ff7e8dc6e86]
	chromedriver!(No symbol) [0x7ff7e8de3482]
	chromedriver!(No symbol) [0x7ff7e8d89298]
	chromedriver!(No symbol) [0x7ff7e8d8a183]
	chromedriver!GetHandleVerifier [0x7ff7e92dde0d+318bcd]
	chromedriver!GetHandleVerifier [0x7ff7e92d8588+313348]
	chromedriver!GetHandleVerifier [0x7ff7e92f9d7a+334b3a]
	chromedriver!GetHandleVerifier [0x7ff7e8ff6785+31545]
	chromedriver!GetHandleVerifier [0x7ff7e8fffacc+3a88c]
	chromedriver!GetHandleVerifier [0x7ff7e8fe3634+1e3f4]
	chromedriver!GetHandleVerifier [0x7ff7e8fe37e6+1e5a6]
	chromedriver!GetHandleVerifier [0x7ff7e8fc7e37+2bf7]
	KERNEL32!BaseThreadInitThunk [0x7ffa7b95e8d7+17]
	ntdll!RtlUserThreadStart [0x7ffa7daec40c+2c]
</msg>
<msg timestamp="20260403 11:10:10.891" level="FAIL">NoSuchWindowException: Message: no such window: target window already closed
from unknown error: web view not found
  (Session info: chrome=146.0.7680.178)
Stacktrace:
	chromedriver!GetHandleVerifier [0x7ff7e92b29c5+2ed785]
	chromedriver!GetHandleVerifier [0x7ff7e8fda0d0+14e90]
	chromedriver!(No symbol) [0x7ff7e8d3db2d]
	chromedriver!(No symbol) [0x7ff7e8d14322]
	chromedriver!(No symbol) [0x7ff7e8dc6e86]
	chromedriver!(No symbol) [0x7ff7e8de3482]
	chromedriver!(No symbol) [0x7ff7e8d89298]
	chromedriver!(No symbol) [0x7ff7e8d8a183]
	chromedriver!GetHandleVerifier [0x7ff7e92dde0d+318bcd]
	chromedriver!GetHandleVerifier [0x7ff7e92d8588+313348]
	chromedriver!GetHandleVerifier [0x7ff7e92f9d7a+334b3a]
	chromedriver!GetHandleVerifier [0x7ff7e8ff6785+31545]
	chromedriver!GetHandleVerifier [0x7ff7e8fffacc+3a88c]
	chromedriver!GetHandleVerifier [0x7ff7e8fe3634+1e3f4]
	chromedriver!GetHandleVerifier [0x7ff7e8fe37e6+1e5a6]
	chromedriver!GetHandleVerifier [0x7ff7e8fc7e37+2bf7]
	KERNEL32!BaseThreadInitThunk [0x7ffa7b95e8d7+17]
	ntdll!RtlUserThreadStart [0x7ffa7daec40c+2c]
</msg>
<status status="FAIL" starttime="20260403 11:10:09.779" endtime="20260403 11:10:10.894"/>
</kw>
<msg timestamp="20260403 11:10:10.894" level="INFO">${tp_visible} = False</msg>
<status status="PASS" starttime="20260403 11:10:09.779" endtime="20260403 11:10:10.894"/>
</kw>
<if>
<branch type="IF" condition="not ${tp_visible}">
<return>
<value>${FALSE}</value>
<status status="PASS" starttime="20260403 11:10:10.894" endtime="20260403 11:10:10.894"/>
</return>
<status status="PASS" starttime="20260403 11:10:10.894" endtime="20260403 11:10:10.894"/>
</branch>
<status status="PASS" starttime="20260403 11:10:10.894" endtime="20260403 11:10:10.894"/>
</if>
<kw name="Click Element" library="Autosphere.Browser">
<arg>${tp_locator}</arg>
<doc>Click the element identified by ``locator``.</doc>
<status status="NOT RUN" starttime="20260403 11:10:10.894" endtime="20260403 11:10:10.894"/>
</kw>
<return>
<value>${TRUE}</value>
<status status="NOT RUN" starttime="20260403 11:10:10.894" endtime="20260403 11:10:10.894"/>
</return>
<msg timestamp="20260403 11:10:10.894" level="INFO">${tp_opened} = False</msg>
<status status="PASS" starttime="20260403 11:10:09.779" endtime="20260403 11:10:10.894"/>
</kw>
<if>
<branch type="IF" condition="not ${tp_opened}">
<return>
<value>${FALSE}</value>
<status status="PASS" starttime="20260403 11:10:10.894" endtime="20260403 11:10:10.894"/>
</return>
<status status="PASS" starttime="20260403 11:10:10.894" endtime="20260403 11:10:10.894"/>
</branch>
<status status="PASS" starttime="20260403 11:10:10.894" endtime="20260403 11:10:10.894"/>
</if>
<kw name="Run Keyword And Return Status" library="BuiltIn">
<var>${no_data}</var>
<arg>Wait Until Element Is Visible</arg>
<arg>${NO_DATA_MSG}</arg>
<arg>2s</arg>
<doc>Runs the given keyword with given arguments and returns the status as a Boolean value.</doc>
<status status="NOT RUN" starttime="20260403 11:10:10.894" endtime="20260403 11:10:10.894"/>
</kw>
<if>
<branch type="IF" condition="${no_data}">
<return>
<value>${FALSE}</value>
<status status="NOT RUN" starttime="20260403 11:10:10.894" endtime="20260403 11:10:10.894"/>
</return>
<status status="NOT RUN" starttime="20260403 11:10:10.894" endtime="20260403 11:10:10.894"/>
</branch>
<status status="NOT RUN" starttime="20260403 11:10:10.894" endtime="20260403 11:10:10.894"/>
</if>
<kw name="Wait Until Element Is Visible" library="Autosphere.Browser">
<arg>${STATUS_TABLE}</arg>
<arg>10s</arg>
<doc>Waits until the element ``locator`` is visible.</doc>
<status status="NOT RUN" starttime="20260403 11:10:10.894" endtime="20260403 11:10:10.894"/>
</kw>
<return>
<value>${TRUE}</value>
<status status="NOT RUN" starttime="20260403 11:10:10.894" endtime="20260403 11:10:10.894"/>
</return>
<msg timestamp="20260403 11:10:10.894" level="INFO">${has_data} = False</msg>
<status status="PASS" starttime="20260403 11:10:09.779" endtime="20260403 11:10:10.894"/>
</kw>
<if>
<branch type="IF" condition="${has_data}">
<kw name="Log To Console" library="BuiltIn">
<arg>TP Code ${tp_code} has data under ${bank_name}</arg>
<doc>Logs the given message to the console.</doc>
<status status="NOT RUN" starttime="20260403 11:10:10.894" endtime="20260403 11:10:10.894"/>
</kw>
<status status="NOT RUN" starttime="20260403 11:10:10.894" endtime="20260403 11:10:10.894"/>
</branch>
<branch type="ELSE">
<kw name="Log To Console" library="BuiltIn">
<arg>TP Code ${tp_code} returned No Data Available under ${bank_name}</arg>
<doc>Logs the given message to the console.</doc>
<status status="PASS" starttime="20260403 11:10:10.894" endtime="20260403 11:10:10.894"/>
</kw>
<status status="PASS" starttime="20260403 11:10:10.894" endtime="20260403 11:10:10.894"/>
</branch>
<status status="PASS" starttime="20260403 11:10:10.894" endtime="20260403 11:10:10.894"/>
</if>
<return>
<value>${has_data}</value>
<status status="PASS" starttime="20260403 11:10:10.894" endtime="20260403 11:10:10.894"/>
</return>
<msg timestamp="20260403 11:10:10.894" level="INFO">${has_data} = False</msg>
<status status="PASS" starttime="20260403 11:10:09.383" endtime="20260403 11:10:10.894"/>
</kw>
<if>
<branch type="IF" condition="${has_data}">
<return>
<value>${bank_name}</value>
<status status="NOT RUN" starttime="20260403 11:10:10.894" endtime="20260403 11:10:10.894"/>
</return>
<status status="NOT RUN" starttime="20260403 11:10:10.894" endtime="20260403 11:10:10.894"/>
</branch>
<status status="PASS" starttime="20260403 11:10:10.894" endtime="20260403 11:10:10.894"/>
</if>
<kw name="Go To" library="Autosphere.Browser">
<arg>${URL}</arg>
<doc>Navigates the current browser window to the provided ``url``.</doc>
<msg timestamp="20260403 11:10:10.894" level="INFO">Opening url 'https://botsdna.com/LoanStatus/'</msg>
<msg timestamp="20260403 11:10:10.902" level="WARN">Keyword 'Capture Page Screenshot' could not be run on failure: Message: no such window: target window already closed
from unknown error: web view not found
  (Session info: chrome=146.0.7680.178)
Stacktrace:
	chromedriver!GetHandleVerifier [0x7ff7e92b29c5+2ed785]
	chromedriver!GetHandleVerifier [0x7ff7e8fda0d0+14e90]
	chromedriver!(No symbol) [0x7ff7e8d3db2d]
	chromedriver!(No symbol) [0x7ff7e8d14322]
	chromedriver!(No symbol) [0x7ff7e8dc6e86]
	chromedriver!(No symbol) [0x7ff7e8de3482]
	chromedriver!(No symbol) [0x7ff7e8d89298]
	chromedriver!(No symbol) [0x7ff7e8d8a183]
	chromedriver!GetHandleVerifier [0x7ff7e92dde0d+318bcd]
	chromedriver!GetHandleVerifier [0x7ff7e92d8588+313348]
	chromedriver!GetHandleVerifier [0x7ff7e92f9d7a+334b3a]
	chromedriver!GetHandleVerifier [0x7ff7e8ff6785+31545]
	chromedriver!GetHandleVerifier [0x7ff7e8fffacc+3a88c]
	chromedriver!GetHandleVerifier [0x7ff7e8fe3634+1e3f4]
	chromedriver!GetHandleVerifier [0x7ff7e8fe37e6+1e5a6]
	chromedriver!GetHandleVerifier [0x7ff7e8fc7e37+2bf7]
	KERNEL32!BaseThreadInitThunk [0x7ffa7b95e8d7+17]
	ntdll!RtlUserThreadStart [0x7ffa7daec40c+2c]
</msg>
<msg timestamp="20260403 11:10:10.905" level="FAIL">NoSuchWindowException: Message: no such window: target window already closed
from unknown error: web view not found
  (Session info: chrome=146.0.7680.178)
Stacktrace:
	chromedriver!GetHandleVerifier [0x7ff7e92b29c5+2ed785]
	chromedriver!GetHandleVerifier [0x7ff7e8fda0d0+14e90]
	chromedriver!(No symbol) [0x7ff7e8d3db2d]
	chromedriver!(No symbol) [0x7ff7e8d14322]
	chromedriver!(No symbol) [0x7ff7e8dc6e86]
	chromedriver!(No symbol) [0x7ff7e8de3482]
	chromedriver!(No symbol) [0x7ff7e8d89298]
	chromedriver!(No symbol) [0x7ff7e8d8a183]
	chromedriver!GetHandleVerifier [0x7ff7e92dde0d+318bcd]
	chromedriver!GetHandleVerifier [0x7ff7e92d8588+313348]
	chromedriver!GetHandleVerifier [0x7ff7e92f9d7a+334b3a]
	chromedriver!GetHandleVerifier [0x7ff7e8ff6785+31545]
	chromedriver!GetHandleVerifier [0x7ff7e8fffacc+3a88c]
	chromedriver!GetHandleVerifier [0x7ff7e8fe3634+1e3f4]
	chromedriver!GetHandleVerifier [0x7ff7e8fe37e6+1e5a6]
	chromedriver!GetHandleVerifier [0x7ff7e8fc7e37+2bf7]
	KERNEL32!BaseThreadInitThunk [0x7ffa7b95e8d7+17]
	ntdll!RtlUserThreadStart [0x7ffa7daec40c+2c]
</msg>
<status status="FAIL" starttime="20260403 11:10:10.894" endtime="20260403 11:10:10.907"/>
</kw>
<status status="FAIL" starttime="20260403 11:10:09.383" endtime="20260403 11:10:10.907"/>
</iter>
<status status="FAIL" starttime="20260403 11:10:09.382" endtime="20260403 11:10:10.907"/>
</for>
<return>
<value>${EMPTY}</value>
<status status="NOT RUN" starttime="20260403 11:10:10.908" endtime="20260403 11:10:10.908"/>
</return>
<status status="FAIL" starttime="20260403 11:10:09.300" endtime="20260403 11:10:10.908"/>
</kw>
<if>
<branch type="IF" condition="not $bank_name">
<kw name="Set To Dictionary" library="Collections">
<arg>${row}</arg>
<arg>Approve/Reject=Reject</arg>
<arg>Reason=TP Code not found in any bank</arg>
<doc>Adds the given ``key_value_pairs`` and ``items`` to the ``dictionary``.</doc>
<status status="NOT RUN" starttime="20260403 11:10:10.908" endtime="20260403 11:10:10.908"/>
</kw>
<status status="NOT RUN" starttime="20260403 11:10:10.908" endtime="20260403 11:10:10.908"/>
</branch>
<branch type="ELSE">
<kw name="Get Status Cell Locator">
<var>${status_locator}</var>
<arg>${name}</arg>
<arg>${phone}</arg>
<status status="NOT RUN" starttime="20260403 11:10:10.908" endtime="20260403 11:10:10.908"/>
</kw>
<if>
<branch type="IF" condition="not $status_locator">
<kw name="Set To Dictionary" library="Collections">
<arg>${row}</arg>
<arg>Approve/Reject=Reject</arg>
<arg>Reason=Person not found in TP result table</arg>
<doc>Adds the given ``key_value_pairs`` and ``items`` to the ``dictionary``.</doc>
<status status="NOT RUN" starttime="20260403 11:10:10.908" endtime="20260403 11:10:10.908"/>
</kw>
<status status="NOT RUN" starttime="20260403 11:10:10.908" endtime="20260403 11:10:10.908"/>
</branch>
<branch type="ELSE">
<kw name="Get Decision From Status Cell">
<var>${decision}</var>
<var>${reason}</var>
<arg>${status_locator}</arg>
<status status="NOT RUN" starttime="20260403 11:10:10.909" endtime="20260403 11:10:10.909"/>
</kw>
<kw name="Set To Dictionary" library="Collections">
<arg>${row}</arg>
<arg>Approve/Reject=${decision}</arg>
<arg>Reason=${reason}</arg>
<doc>Adds the given ``key_value_pairs`` and ``items`` to the ``dictionary``.</doc>
<status status="NOT RUN" starttime="20260403 11:10:10.909" endtime="20260403 11:10:10.909"/>
</kw>
<status status="NOT RUN" starttime="20260403 11:10:10.908" endtime="20260403 11:10:10.909"/>
</branch>
<status status="NOT RUN" starttime="20260403 11:10:10.908" endtime="20260403 11:10:10.909"/>
</if>
<status status="NOT RUN" starttime="20260403 11:10:10.908" endtime="20260403 11:10:10.909"/>
</branch>
<status status="NOT RUN" starttime="20260403 11:10:10.908" endtime="20260403 11:10:10.909"/>
</if>
<return>
<value>${row}</value>
<status status="NOT RUN" starttime="20260403 11:10:10.909" endtime="20260403 11:10:10.909"/>
</return>
<status status="FAIL" starttime="20260403 11:10:09.290" endtime="20260403 11:10:10.909"/>
</kw>
<kw name="Set List Value" library="Collections">
<arg>${rows}</arg>
<arg>${index}</arg>
<arg>${updated_row}</arg>
<doc>Sets the value of ``list`` specified by ``index`` to the given ``value``.</doc>
<status status="NOT RUN" starttime="20260403 11:10:10.909" endtime="20260403 11:10:10.909"/>
</kw>
<status status="FAIL" starttime="20260403 11:10:09.290" endtime="20260403 11:10:10.910"/>
</iter>
<status status="FAIL" starttime="20260403 11:10:09.290" endtime="20260403 11:10:10.910"/>
</for>
<kw name="Save Loan Output" library="LoanStatusProject">
<var>${output_path}</var>
<arg>${rows}</arg>
<arg>${EXECDIR}/${OUTPUT_FILE}</arg>
<doc>Save processed loan rows to a new Excel file.</doc>
<status status="NOT RUN" starttime="20260403 11:10:10.910" endtime="20260403 11:10:10.910"/>
</kw>
<kw name="Log To Console" library="BuiltIn">
<arg>Output saved to: ${output_path}</arg>
<doc>Logs the given message to the console.</doc>
<status status="NOT RUN" starttime="20260403 11:10:10.910" endtime="20260403 11:10:10.910"/>
</kw>
<status status="FAIL" starttime="20260403 11:10:09.143" endtime="20260403 11:10:10.910"/>
</kw>
<kw name="Create Zip For Output File">
<var>${zip_path}</var>
<status status="NOT RUN" starttime="20260403 11:10:10.910" endtime="20260403 11:10:10.910"/>
</kw>
<kw name="Go To" library="Autosphere.Browser">
<arg>${URL}</arg>
<doc>Navigates the current browser window to the provided ``url``.</doc>
<status status="NOT RUN" starttime="20260403 11:10:10.910" endtime="20260403 11:10:10.910"/>
</kw>
<kw name="Upload Zipped Report">
<arg>${zip_path}</arg>
<status status="NOT RUN" starttime="20260403 11:10:10.910" endtime="20260403 11:10:10.910"/>
</kw>
<status status="FAIL" starttime="20260403 11:10:09.143" endtime="20260403 11:10:10.910"/>
</kw>
<kw name="Close Browser Session">
<status status="NOT RUN" starttime="20260403 11:10:10.911" endtime="20260403 11:10:10.911"/>
</kw>
<status status="FAIL" starttime="20260403 11:10:00.329" endtime="20260403 11:10:10.911">NoSuchWindowException: Message: no such window: target window already closed
from unknown error: web view not found
  (Session info: chrome=146.0.7680.178)
Stacktrace:
	chromedriver!GetHandleVerifier [0x7ff7e92b29c5+2ed785]
	chromedriver!GetHandleVerifier [0x7ff7e8fda0d0+14e90]
	chromedriver!(No symbol) [0x7ff7e8d3db2d]
	chromedriver!(No symbol) [0x7ff7e8d14322]
	chromedriver!(No symbol) [0x7ff7e8dc6e86]
	chromedriver!(No symbol) [0x7ff7e8de3482]
	chromedriver!(No symbol) [0x7ff7e8d89298]
	chromedriver!(No symbol) [0x7ff7e8d8a183]
	chromedriver!GetHandleVerifier [0x7ff7e92dde0d+318bcd]
	chromedriver!GetHandleVerifier [0x7ff7e92d8588+313348]
	chromedriver!GetHandleVerifier [0x7ff7e92f9d7a+334b3a]
	chromedriver!GetHandleVerifier [0x7ff7e8ff6785+31545]
	chromedriver!GetHandleVerifier [0x7ff7e8fffacc+3a88c]
	chromedriver!GetHandleVerifier [0x7ff7e8fe3634+1e3f4]
	chromedriver!GetHandleVerifier [0x7ff7e8fe37e6+1e5a6]
	chromedriver!GetHandleVerifier [0x7ff7e8fc7e37+2bf7]
	KERNEL32!BaseThreadInitThunk [0x7ffa7b95e8d7+17]
	ntdll!RtlUserThreadStart [0x7ffa7daec40c+2c]
</status>
</test>
<status status="FAIL" starttime="20260403 11:09:56.114" endtime="20260403 11:10:10.913"/>
</suite>
<statistics>
<total>
<stat pass="0" fail="1" skip="0">All Tests</stat>
</total>
<tag>
</tag>
<suite>
<stat pass="0" fail="1" skip="0" id="s1" name="LoanStatusProject">LoanStatusProject</stat>
</suite>
</statistics>
<errors>
<msg timestamp="20260403 11:09:58.681" level="WARN">This is a deprecated import that will be removed in favor of Autosphere.Browser.Selenium</msg>
<msg timestamp="20260403 11:10:10.890" level="WARN">Keyword 'Capture Page Screenshot' could not be run on failure: Message: no such window: target window already closed
from unknown error: web view not found
  (Session info: chrome=146.0.7680.178)
Stacktrace:
	chromedriver!GetHandleVerifier [0x7ff7e92b29c5+2ed785]
	chromedriver!GetHandleVerifier [0x7ff7e8fda0d0+14e90]
	chromedriver!(No symbol) [0x7ff7e8d3db2d]
	chromedriver!(No symbol) [0x7ff7e8d14322]
	chromedriver!(No symbol) [0x7ff7e8dc6e86]
	chromedriver!(No symbol) [0x7ff7e8de3482]
	chromedriver!(No symbol) [0x7ff7e8d89298]
	chromedriver!(No symbol) [0x7ff7e8d8a183]
	chromedriver!GetHandleVerifier [0x7ff7e92dde0d+318bcd]
	chromedriver!GetHandleVerifier [0x7ff7e92d8588+313348]
	chromedriver!GetHandleVerifier [0x7ff7e92f9d7a+334b3a]
	chromedriver!GetHandleVerifier [0x7ff7e8ff6785+31545]
	chromedriver!GetHandleVerifier [0x7ff7e8fffacc+3a88c]
	chromedriver!GetHandleVerifier [0x7ff7e8fe3634+1e3f4]
	chromedriver!GetHandleVerifier [0x7ff7e8fe37e6+1e5a6]
	chromedriver!GetHandleVerifier [0x7ff7e8fc7e37+2bf7]
	KERNEL32!BaseThreadInitThunk [0x7ffa7b95e8d7+17]
	ntdll!RtlUserThreadStart [0x7ffa7daec40c+2c]
</msg>
<msg timestamp="20260403 11:10:10.902" level="WARN">Keyword 'Capture Page Screenshot' could not be run on failure: Message: no such window: target window already closed
from unknown error: web view not found
  (Session info: chrome=146.0.7680.178)
Stacktrace:
	chromedriver!GetHandleVerifier [0x7ff7e92b29c5+2ed785]
	chromedriver!GetHandleVerifier [0x7ff7e8fda0d0+14e90]
	chromedriver!(No symbol) [0x7ff7e8d3db2d]
	chromedriver!(No symbol) [0x7ff7e8d14322]
	chromedriver!(No symbol) [0x7ff7e8dc6e86]
	chromedriver!(No symbol) [0x7ff7e8de3482]
	chromedriver!(No symbol) [0x7ff7e8d89298]
	chromedriver!(No symbol) [0x7ff7e8d8a183]
	chromedriver!GetHandleVerifier [0x7ff7e92dde0d+318bcd]
	chromedriver!GetHandleVerifier [0x7ff7e92d8588+313348]
	chromedriver!GetHandleVerifier [0x7ff7e92f9d7a+334b3a]
	chromedriver!GetHandleVerifier [0x7ff7e8ff6785+31545]
	chromedriver!GetHandleVerifier [0x7ff7e8fffacc+3a88c]
	chromedriver!GetHandleVerifier [0x7ff7e8fe3634+1e3f4]
	chromedriver!GetHandleVerifier [0x7ff7e8fe37e6+1e5a6]
	chromedriver!GetHandleVerifier [0x7ff7e8fc7e37+2bf7]
	KERNEL32!BaseThreadInitThunk [0x7ffa7b95e8d7+17]
	ntdll!RtlUserThreadStart [0x7ffa7daec40c+2c]
</msg>
</errors>
</robot>
